[2026-01-26T13:37:17.258+0000] {manager.py:469} INFO - Processing files using up to 2 processes at a time 
[2026-01-26T13:37:17.261+0000] {manager.py:470} INFO - Process each file at most once every 30 seconds
[2026-01-26T13:37:17.268+0000] {manager.py:471} INFO - Checking for new files in /opt/airflow/dags every 300 seconds
[2026-01-26T13:37:17.273+0000] {manager.py:738} INFO - Searching for files in /opt/airflow/dags
[2026-01-26T13:37:17.279+0000] {manager.py:741} INFO - There are 0 files in /opt/airflow/dags
[2026-01-26T13:42:17.776+0000] {manager.py:738} INFO - Searching for files in /opt/airflow/dags
[2026-01-26T13:42:17.783+0000] {manager.py:741} INFO - There are 0 files in /opt/airflow/dags
[2026-01-26T13:47:18.458+0000] {manager.py:738} INFO - Searching for files in /opt/airflow/dags
[2026-01-26T13:47:18.473+0000] {manager.py:741} INFO - There are 2 files in /opt/airflow/dags
[2026-01-26T13:47:34.386+0000] {manager.py:879} INFO - 
================================================================================
DAG File Processing Stats

File Path                                               PID    Runtime      # DAGs    # Errors  Last Runtime    Last Run
------------------------------------------------------  -----  ---------  --------  ----------  --------------  -------------------
/opt/airflow/dags/spark_bronze_to_silver_dag.py                                  0           1  0.14s           2026-01-26T13:47:18
/opt/airflow/dags/spark_bronze_to_silver_simple_dag.py                           1           0  0.99s           2026-01-26T13:47:19
================================================================================
[2026-01-26T13:48:05.559+0000] {manager.py:879} INFO - 
================================================================================
DAG File Processing Stats

File Path                                               PID    Runtime      # DAGs    # Errors  Last Runtime    Last Run
------------------------------------------------------  -----  ---------  --------  ----------  --------------  -------------------
/opt/airflow/dags/spark_bronze_to_silver_dag.py                                  0           1  0.14s           2026-01-26T13:47:49
/opt/airflow/dags/spark_bronze_to_silver_simple_dag.py                           1           0  0.24s           2026-01-26T13:47:49
================================================================================
[2026-01-26T13:48:22.422+0000] {manager.py:451} INFO - Exiting gracefully upon receiving signal 15
[2026-01-26T14:36:36.299+0000] {manager.py:469} INFO - Processing files using up to 2 processes at a time 
[2026-01-26T14:36:36.300+0000] {manager.py:470} INFO - Process each file at most once every 30 seconds
[2026-01-26T14:36:36.305+0000] {manager.py:471} INFO - Checking for new files in /opt/airflow/dags every 300 seconds
[2026-01-26T14:36:36.306+0000] {manager.py:738} INFO - Searching for files in /opt/airflow/dags
[2026-01-26T14:36:36.495+0000] {manager.py:741} INFO - There are 2 files in /opt/airflow/dags
[2026-01-26T14:36:37.714+0000] {manager.py:879} INFO - 
================================================================================
DAG File Processing Stats

File Path                                                 PID  Runtime      # DAGs    # Errors  Last Runtime    Last Run
------------------------------------------------------  -----  ---------  --------  ----------  --------------  ----------
/opt/airflow/dags/spark_bronze_to_silver_dag.py            41  0.84s             0           0
/opt/airflow/dags/spark_bronze_to_silver_simple_dag.py     42  0.21s             0           0
================================================================================
[2026-01-26T14:37:07.784+0000] {manager.py:879} INFO - 
================================================================================
DAG File Processing Stats

File Path                                               PID    Runtime      # DAGs    # Errors  Last Runtime    Last Run
------------------------------------------------------  -----  ---------  --------  ----------  --------------  -------------------
/opt/airflow/dags/spark_bronze_to_silver_dag.py                                  0           1  1.00s           2026-01-26T14:36:37
/opt/airflow/dags/spark_bronze_to_silver_simple_dag.py                           1           0  0.81s           2026-01-26T14:36:38
================================================================================
[2026-01-26T14:37:37.872+0000] {manager.py:879} INFO - 
================================================================================
DAG File Processing Stats

File Path                                               PID    Runtime      # DAGs    # Errors  Last Runtime    Last Run
------------------------------------------------------  -----  ---------  --------  ----------  --------------  -------------------
/opt/airflow/dags/spark_bronze_to_silver_dag.py                                  0           1  0.20s           2026-01-26T14:37:08
/opt/airflow/dags/spark_bronze_to_silver_simple_dag.py                           1           0  0.57s           2026-01-26T14:37:09
================================================================================
[2026-01-26T14:38:08.553+0000] {manager.py:879} INFO - 
================================================================================
DAG File Processing Stats

File Path                                               PID    Runtime      # DAGs    # Errors  Last Runtime    Last Run
------------------------------------------------------  -----  ---------  --------  ----------  --------------  -------------------
/opt/airflow/dags/spark_bronze_to_silver_dag.py                                  0           1  0.18s           2026-01-26T14:37:39
/opt/airflow/dags/spark_bronze_to_silver_simple_dag.py                           1           0  0.35s           2026-01-26T14:37:40
================================================================================
[2026-01-26T14:38:39.256+0000] {manager.py:879} INFO - 
================================================================================
DAG File Processing Stats

File Path                                               PID    Runtime      # DAGs    # Errors  Last Runtime    Last Run
------------------------------------------------------  -----  ---------  --------  ----------  --------------  -------------------
/opt/airflow/dags/spark_bronze_to_silver_dag.py                                  0           1  0.17s           2026-01-26T14:38:09
/opt/airflow/dags/spark_bronze_to_silver_simple_dag.py                           1           0  0.34s           2026-01-26T14:38:11
================================================================================
[2026-01-26T14:39:10.874+0000] {manager.py:879} INFO - 
================================================================================
DAG File Processing Stats

File Path                                                 PID  Runtime      # DAGs    # Errors  Last Runtime    Last Run
------------------------------------------------------  -----  ---------  --------  ----------  --------------  -------------------
/opt/airflow/dags/spark_bronze_to_silver_dag.py            79  0.01s             0           1  0.18s           2026-01-26T14:38:40
/opt/airflow/dags/spark_bronze_to_silver_simple_dag.py                           1           0  0.28s           2026-01-26T14:38:41
================================================================================
[2026-01-26T14:39:41.564+0000] {manager.py:879} INFO - 
================================================================================
DAG File Processing Stats

File Path                                                 PID  Runtime      # DAGs    # Errors  Last Runtime    Last Run
------------------------------------------------------  -----  ---------  --------  ----------  --------------  -------------------
/opt/airflow/dags/spark_bronze_to_silver_dag.py            88  0.01s             0           1  0.15s           2026-01-26T14:39:11
/opt/airflow/dags/spark_bronze_to_silver_simple_dag.py                           1           0  0.30s           2026-01-26T14:39:12
================================================================================
[2026-01-26T14:40:12.937+0000] {manager.py:879} INFO - 
================================================================================
DAG File Processing Stats

File Path                                                 PID  Runtime      # DAGs    # Errors  Last Runtime    Last Run
------------------------------------------------------  -----  ---------  --------  ----------  --------------  -------------------
/opt/airflow/dags/spark_bronze_to_silver_dag.py                                  0           1  0.19s           2026-01-26T14:40:12
/opt/airflow/dags/spark_bronze_to_silver_simple_dag.py     98  0.01s             1           0  0.29s           2026-01-26T14:39:42
================================================================================
[2026-01-26T14:40:44.833+0000] {manager.py:879} INFO - 
================================================================================
DAG File Processing Stats

File Path                                               PID    Runtime      # DAGs    # Errors  Last Runtime    Last Run
------------------------------------------------------  -----  ---------  --------  ----------  --------------  -------------------
/opt/airflow/dags/spark_bronze_to_silver_dag.py                                  0           1  0.24s           2026-01-26T14:40:42
/opt/airflow/dags/spark_bronze_to_silver_simple_dag.py                           1           0  0.27s           2026-01-26T14:40:43
================================================================================
[2026-01-26T14:41:16.067+0000] {manager.py:879} INFO - 
================================================================================
DAG File Processing Stats

File Path                                               PID    Runtime      # DAGs    # Errors  Last Runtime    Last Run
------------------------------------------------------  -----  ---------  --------  ----------  --------------  -------------------
/opt/airflow/dags/spark_bronze_to_silver_dag.py                                  0           1  0.14s           2026-01-26T14:41:12
/opt/airflow/dags/spark_bronze_to_silver_simple_dag.py                           1           0  0.31s           2026-01-26T14:41:14
================================================================================
[2026-01-26T14:41:36.367+0000] {manager.py:738} INFO - Searching for files in /opt/airflow/dags
[2026-01-26T14:41:36.518+0000] {manager.py:741} INFO - There are 2 files in /opt/airflow/dags
[2026-01-26T14:41:47.183+0000] {manager.py:879} INFO - 
================================================================================
DAG File Processing Stats

File Path                                               PID    Runtime      # DAGs    # Errors  Last Runtime    Last Run
------------------------------------------------------  -----  ---------  --------  ----------  --------------  -------------------
/opt/airflow/dags/spark_bronze_to_silver_dag.py                                  0           1  0.16s           2026-01-26T14:41:43
/opt/airflow/dags/spark_bronze_to_silver_simple_dag.py                           1           0  0.28s           2026-01-26T14:41:45
================================================================================
[2026-01-26T14:42:18.949+0000] {manager.py:879} INFO - 
================================================================================
DAG File Processing Stats

File Path                                               PID    Runtime      # DAGs    # Errors  Last Runtime    Last Run
------------------------------------------------------  -----  ---------  --------  ----------  --------------  -------------------
/opt/airflow/dags/spark_bronze_to_silver_dag.py                                  0           1  0.16s           2026-01-26T14:42:14
/opt/airflow/dags/spark_bronze_to_silver_simple_dag.py                           1           0  0.33s           2026-01-26T14:42:16
================================================================================
[2026-01-26T14:42:50.791+0000] {manager.py:879} INFO - 
================================================================================
DAG File Processing Stats

File Path                                               PID    Runtime      # DAGs    # Errors  Last Runtime    Last Run
------------------------------------------------------  -----  ---------  --------  ----------  --------------  -------------------
/opt/airflow/dags/spark_bronze_to_silver_dag.py                                  0           1  0.23s           2026-01-26T14:42:45
/opt/airflow/dags/spark_bronze_to_silver_simple_dag.py                           1           0  0.28s           2026-01-26T14:42:46
================================================================================
[2026-01-26T14:43:22.598+0000] {manager.py:879} INFO - 
================================================================================
DAG File Processing Stats

File Path                                               PID    Runtime      # DAGs    # Errors  Last Runtime    Last Run
------------------------------------------------------  -----  ---------  --------  ----------  --------------  -------------------
/opt/airflow/dags/spark_bronze_to_silver_dag.py                                  0           1  0.15s           2026-01-26T14:43:16
/opt/airflow/dags/spark_bronze_to_silver_simple_dag.py                           1           0  0.25s           2026-01-26T14:43:17
================================================================================
[2026-01-26T14:43:54.546+0000] {manager.py:879} INFO - 
================================================================================
DAG File Processing Stats

File Path                                               PID    Runtime      # DAGs    # Errors  Last Runtime    Last Run
------------------------------------------------------  -----  ---------  --------  ----------  --------------  -------------------
/opt/airflow/dags/spark_bronze_to_silver_dag.py                                  0           1  0.16s           2026-01-26T14:43:47
/opt/airflow/dags/spark_bronze_to_silver_simple_dag.py                           1           0  0.24s           2026-01-26T14:43:48
================================================================================
[2026-01-26T14:44:26.375+0000] {manager.py:879} INFO - 
================================================================================
DAG File Processing Stats

File Path                                               PID    Runtime      # DAGs    # Errors  Last Runtime    Last Run
------------------------------------------------------  -----  ---------  --------  ----------  --------------  -------------------
/opt/airflow/dags/spark_bronze_to_silver_dag.py                                  0           1  0.16s           2026-01-26T14:44:18
/opt/airflow/dags/spark_bronze_to_silver_simple_dag.py                           1           0  0.28s           2026-01-26T14:44:19
================================================================================
[2026-01-26T14:44:58.405+0000] {manager.py:879} INFO - 
================================================================================
DAG File Processing Stats

File Path                                               PID    Runtime      # DAGs    # Errors  Last Runtime    Last Run
------------------------------------------------------  -----  ---------  --------  ----------  --------------  -------------------
/opt/airflow/dags/spark_bronze_to_silver_dag.py                                  0           1  0.24s           2026-01-26T14:44:49
/opt/airflow/dags/spark_bronze_to_silver_simple_dag.py                           1           0  0.22s           2026-01-26T14:44:50
================================================================================
[2026-01-26T14:45:30.747+0000] {manager.py:879} INFO - 
================================================================================
DAG File Processing Stats

File Path                                               PID    Runtime      # DAGs    # Errors  Last Runtime    Last Run
------------------------------------------------------  -----  ---------  --------  ----------  --------------  -------------------
/opt/airflow/dags/spark_bronze_to_silver_dag.py                                  0           1  0.17s           2026-01-26T14:45:20
/opt/airflow/dags/spark_bronze_to_silver_simple_dag.py                           1           0  0.27s           2026-01-26T14:45:21
================================================================================
[2026-01-26T14:46:02.009+0000] {manager.py:879} INFO - 
================================================================================
DAG File Processing Stats

File Path                                               PID    Runtime      # DAGs    # Errors  Last Runtime    Last Run
------------------------------------------------------  -----  ---------  --------  ----------  --------------  -------------------
/opt/airflow/dags/spark_bronze_to_silver_dag.py                                  0           1  0.19s           2026-01-26T14:45:50
/opt/airflow/dags/spark_bronze_to_silver_simple_dag.py                           1           0  0.27s           2026-01-26T14:45:52
================================================================================
[2026-01-26T14:46:33.874+0000] {manager.py:879} INFO - 
================================================================================
DAG File Processing Stats

File Path                                               PID    Runtime      # DAGs    # Errors  Last Runtime    Last Run
------------------------------------------------------  -----  ---------  --------  ----------  --------------  -------------------
/opt/airflow/dags/spark_bronze_to_silver_dag.py                                  0           1  0.16s           2026-01-26T14:46:21
/opt/airflow/dags/spark_bronze_to_silver_simple_dag.py                           1           0  0.24s           2026-01-26T14:46:22
================================================================================
[2026-01-26T14:46:36.915+0000] {manager.py:738} INFO - Searching for files in /opt/airflow/dags
[2026-01-26T14:46:36.996+0000] {manager.py:741} INFO - There are 2 files in /opt/airflow/dags
[2026-01-26T14:47:06.201+0000] {manager.py:879} INFO - 
================================================================================
DAG File Processing Stats

File Path                                               PID    Runtime      # DAGs    # Errors  Last Runtime    Last Run
------------------------------------------------------  -----  ---------  --------  ----------  --------------  -------------------
/opt/airflow/dags/spark_bronze_to_silver_dag.py                                  0           1  0.15s           2026-01-26T14:46:52
/opt/airflow/dags/spark_bronze_to_silver_simple_dag.py                           1           0  0.24s           2026-01-26T14:46:53
================================================================================
[2026-01-26T14:47:37.400+0000] {manager.py:879} INFO - 
================================================================================
DAG File Processing Stats

File Path                                               PID    Runtime      # DAGs    # Errors  Last Runtime    Last Run
------------------------------------------------------  -----  ---------  --------  ----------  --------------  -------------------
/opt/airflow/dags/spark_bronze_to_silver_dag.py                                  0           1  0.15s           2026-01-26T14:47:23
/opt/airflow/dags/spark_bronze_to_silver_simple_dag.py                           1           0  0.28s           2026-01-26T14:47:24
================================================================================
[2026-01-26T14:48:09.235+0000] {manager.py:879} INFO - 
================================================================================
DAG File Processing Stats

File Path                                               PID    Runtime      # DAGs    # Errors  Last Runtime    Last Run
------------------------------------------------------  -----  ---------  --------  ----------  --------------  -------------------
/opt/airflow/dags/spark_bronze_to_silver_dag.py                                  0           1  0.14s           2026-01-26T14:47:54
/opt/airflow/dags/spark_bronze_to_silver_simple_dag.py                           1           0  0.25s           2026-01-26T14:47:55
================================================================================
[2026-01-26T14:48:41.128+0000] {manager.py:879} INFO - 
================================================================================
DAG File Processing Stats

File Path                                               PID    Runtime      # DAGs    # Errors  Last Runtime    Last Run
------------------------------------------------------  -----  ---------  --------  ----------  --------------  -------------------
/opt/airflow/dags/spark_bronze_to_silver_dag.py                                  0           1  0.14s           2026-01-26T14:48:24
/opt/airflow/dags/spark_bronze_to_silver_simple_dag.py                           1           0  0.36s           2026-01-26T14:48:26
================================================================================
[2026-01-26T14:49:13.034+0000] {manager.py:879} INFO - 
================================================================================
DAG File Processing Stats

File Path                                               PID    Runtime      # DAGs    # Errors  Last Runtime    Last Run
------------------------------------------------------  -----  ---------  --------  ----------  --------------  -------------------
/opt/airflow/dags/spark_bronze_to_silver_dag.py                                  0           1  0.18s           2026-01-26T14:48:55
/opt/airflow/dags/spark_bronze_to_silver_simple_dag.py                           1           0  0.41s           2026-01-26T14:48:57
================================================================================
[2026-01-26T14:49:44.673+0000] {manager.py:879} INFO - 
================================================================================
DAG File Processing Stats

File Path                                               PID    Runtime      # DAGs    # Errors  Last Runtime    Last Run
------------------------------------------------------  -----  ---------  --------  ----------  --------------  -------------------
/opt/airflow/dags/spark_bronze_to_silver_dag.py                                  0           1  0.15s           2026-01-26T14:49:26
/opt/airflow/dags/spark_bronze_to_silver_simple_dag.py                           1           0  0.36s           2026-01-26T14:49:27
================================================================================
[2026-01-26T14:50:16.448+0000] {manager.py:879} INFO - 
================================================================================
DAG File Processing Stats

File Path                                               PID    Runtime      # DAGs    # Errors  Last Runtime    Last Run
------------------------------------------------------  -----  ---------  --------  ----------  --------------  -------------------
/opt/airflow/dags/spark_bronze_to_silver_dag.py                                  0           1  0.17s           2026-01-26T14:49:57
/opt/airflow/dags/spark_bronze_to_silver_simple_dag.py                           1           0  0.27s           2026-01-26T14:49:58
================================================================================
[2026-01-26T14:50:48.544+0000] {manager.py:879} INFO - 
================================================================================
DAG File Processing Stats

File Path                                               PID    Runtime      # DAGs    # Errors  Last Runtime    Last Run
------------------------------------------------------  -----  ---------  --------  ----------  --------------  -------------------
/opt/airflow/dags/spark_bronze_to_silver_dag.py                                  0           1  0.22s           2026-01-26T14:50:28
/opt/airflow/dags/spark_bronze_to_silver_simple_dag.py                           1           0  0.24s           2026-01-26T14:50:29
================================================================================
[2026-01-26T14:51:20.240+0000] {manager.py:879} INFO - 
================================================================================
DAG File Processing Stats

File Path                                               PID    Runtime      # DAGs    # Errors  Last Runtime    Last Run
------------------------------------------------------  -----  ---------  --------  ----------  --------------  -------------------
/opt/airflow/dags/spark_bronze_to_silver_dag.py                                  0           1  0.16s           2026-01-26T14:50:58
/opt/airflow/dags/spark_bronze_to_silver_simple_dag.py                           1           0  0.35s           2026-01-26T14:51:00
================================================================================
[2026-01-26T14:51:37.757+0000] {manager.py:738} INFO - Searching for files in /opt/airflow/dags
[2026-01-26T14:51:37.820+0000] {manager.py:741} INFO - There are 2 files in /opt/airflow/dags
[2026-01-26T14:51:52.046+0000] {manager.py:879} INFO - 
================================================================================
DAG File Processing Stats

File Path                                               PID    Runtime      # DAGs    # Errors  Last Runtime    Last Run
------------------------------------------------------  -----  ---------  --------  ----------  --------------  -------------------
/opt/airflow/dags/spark_bronze_to_silver_dag.py                                  0           1  0.15s           2026-01-26T14:51:29
/opt/airflow/dags/spark_bronze_to_silver_simple_dag.py                           1           0  0.25s           2026-01-26T14:51:30
================================================================================
[2026-01-26T14:52:23.926+0000] {manager.py:879} INFO - 
================================================================================
DAG File Processing Stats

File Path                                               PID    Runtime      # DAGs    # Errors  Last Runtime    Last Run
------------------------------------------------------  -----  ---------  --------  ----------  --------------  -------------------
/opt/airflow/dags/spark_bronze_to_silver_dag.py                                  0           1  0.16s           2026-01-26T14:52:00
/opt/airflow/dags/spark_bronze_to_silver_simple_dag.py                           1           0  0.31s           2026-01-26T14:52:01
================================================================================
[2026-01-26T14:52:55.757+0000] {manager.py:879} INFO - 
================================================================================
DAG File Processing Stats

File Path                                               PID    Runtime      # DAGs    # Errors  Last Runtime    Last Run
------------------------------------------------------  -----  ---------  --------  ----------  --------------  -------------------
/opt/airflow/dags/spark_bronze_to_silver_dag.py                                  0           1  0.17s           2026-01-26T14:52:31
/opt/airflow/dags/spark_bronze_to_silver_simple_dag.py                           1           0  0.30s           2026-01-26T14:52:32
================================================================================
[2026-01-26T14:53:27.707+0000] {manager.py:879} INFO - 
================================================================================
DAG File Processing Stats

File Path                                               PID    Runtime      # DAGs    # Errors  Last Runtime    Last Run
------------------------------------------------------  -----  ---------  --------  ----------  --------------  -------------------
/opt/airflow/dags/spark_bronze_to_silver_dag.py                                  0           1  0.15s           2026-01-26T14:53:02
/opt/airflow/dags/spark_bronze_to_silver_simple_dag.py                           1           0  0.28s           2026-01-26T14:53:03
================================================================================
[2026-01-26T14:53:59.728+0000] {manager.py:879} INFO - 
================================================================================
DAG File Processing Stats

File Path                                               PID    Runtime      # DAGs    # Errors  Last Runtime    Last Run
------------------------------------------------------  -----  ---------  --------  ----------  --------------  -------------------
/opt/airflow/dags/spark_bronze_to_silver_dag.py                                  0           1  0.17s           2026-01-26T14:53:32
/opt/airflow/dags/spark_bronze_to_silver_simple_dag.py                           1           0  0.25s           2026-01-26T14:53:33
================================================================================
[2026-01-26T14:54:31.133+0000] {manager.py:879} INFO - 
================================================================================
DAG File Processing Stats

File Path                                               PID    Runtime      # DAGs    # Errors  Last Runtime    Last Run
------------------------------------------------------  -----  ---------  --------  ----------  --------------  -------------------
/opt/airflow/dags/spark_bronze_to_silver_dag.py                                  0           1  0.23s           2026-01-26T14:54:03
/opt/airflow/dags/spark_bronze_to_silver_simple_dag.py                           1           0  0.34s           2026-01-26T14:54:04
================================================================================
[2026-01-26T14:55:02.472+0000] {manager.py:879} INFO - 
================================================================================
DAG File Processing Stats

File Path                                               PID    Runtime      # DAGs    # Errors  Last Runtime    Last Run
------------------------------------------------------  -----  ---------  --------  ----------  --------------  -------------------
/opt/airflow/dags/spark_bronze_to_silver_dag.py                                  0           1  0.16s           2026-01-26T14:54:34
/opt/airflow/dags/spark_bronze_to_silver_simple_dag.py                           1           0  0.27s           2026-01-26T14:54:35
================================================================================
[2026-01-26T14:55:34.440+0000] {manager.py:879} INFO - 
================================================================================
DAG File Processing Stats

File Path                                               PID    Runtime      # DAGs    # Errors  Last Runtime    Last Run
------------------------------------------------------  -----  ---------  --------  ----------  --------------  -------------------
/opt/airflow/dags/spark_bronze_to_silver_dag.py                                  0           1  0.18s           2026-01-26T14:55:06
/opt/airflow/dags/spark_bronze_to_silver_simple_dag.py                           1           0  0.24s           2026-01-26T14:55:06
================================================================================
[2026-01-26T14:56:06.488+0000] {manager.py:879} INFO - 
================================================================================
DAG File Processing Stats

File Path                                               PID    Runtime      # DAGs    # Errors  Last Runtime    Last Run
------------------------------------------------------  -----  ---------  --------  ----------  --------------  -------------------
/opt/airflow/dags/spark_bronze_to_silver_dag.py                                  0           1  0.16s           2026-01-26T14:55:38
/opt/airflow/dags/spark_bronze_to_silver_simple_dag.py                           1           0  0.24s           2026-01-26T14:55:38
================================================================================
[2026-01-26T14:56:37.764+0000] {manager.py:738} INFO - Searching for files in /opt/airflow/dags
[2026-01-26T14:56:37.815+0000] {manager.py:741} INFO - There are 2 files in /opt/airflow/dags
[2026-01-26T14:56:40.202+0000] {manager.py:879} INFO - 
================================================================================
DAG File Processing Stats

File Path                                                 PID  Runtime      # DAGs    # Errors  Last Runtime    Last Run
------------------------------------------------------  -----  ---------  --------  ----------  --------------  -------------------
/opt/airflow/dags/spark_bronze_to_silver_dag.py           350  0.04s             0           1  0.33s           2026-01-26T14:56:09
/opt/airflow/dags/spark_bronze_to_silver_simple_dag.py    351  0.01s             1           0  0.43s           2026-01-26T14:56:09
================================================================================
[2026-01-26T14:57:12.154+0000] {manager.py:879} INFO - 
================================================================================
DAG File Processing Stats

File Path                                                 PID  Runtime      # DAGs    # Errors  Last Runtime    Last Run
------------------------------------------------------  -----  ---------  --------  ----------  --------------  -------------------
/opt/airflow/dags/spark_bronze_to_silver_dag.py           359  0.03s             0           1  0.16s           2026-01-26T14:56:40
/opt/airflow/dags/spark_bronze_to_silver_simple_dag.py    360  0.01s             1           0  0.25s           2026-01-26T14:56:40
================================================================================
[2026-01-26T14:57:43.628+0000] {manager.py:879} INFO - 
================================================================================
DAG File Processing Stats

File Path                                               PID    Runtime      # DAGs    # Errors  Last Runtime    Last Run
------------------------------------------------------  -----  ---------  --------  ----------  --------------  -------------------
/opt/airflow/dags/spark_bronze_to_silver_dag.py                                  0           1  0.19s           2026-01-26T14:57:43
/opt/airflow/dags/spark_bronze_to_silver_simple_dag.py                           1           0  0.35s           2026-01-26T14:57:43
================================================================================
[2026-01-26T14:58:15.766+0000] {manager.py:879} INFO - 
================================================================================
DAG File Processing Stats

File Path                                               PID    Runtime      # DAGs    # Errors  Last Runtime    Last Run
------------------------------------------------------  -----  ---------  --------  ----------  --------------  -------------------
/opt/airflow/dags/spark_bronze_to_silver_dag.py                                  0           1  0.21s           2026-01-26T14:58:14
/opt/airflow/dags/spark_bronze_to_silver_simple_dag.py                           1           0  0.31s           2026-01-26T14:58:14
================================================================================
[2026-01-26T14:58:47.756+0000] {manager.py:879} INFO - 
================================================================================
DAG File Processing Stats

File Path                                               PID    Runtime      # DAGs    # Errors  Last Runtime    Last Run
------------------------------------------------------  -----  ---------  --------  ----------  --------------  -------------------
/opt/airflow/dags/spark_bronze_to_silver_dag.py                                  0           1  0.22s           2026-01-26T14:58:46
/opt/airflow/dags/spark_bronze_to_silver_simple_dag.py                           1           0  0.42s           2026-01-26T14:58:46
================================================================================
[2026-01-26T14:59:19.849+0000] {manager.py:879} INFO - 
================================================================================
DAG File Processing Stats

File Path                                               PID    Runtime      # DAGs    # Errors  Last Runtime    Last Run
------------------------------------------------------  -----  ---------  --------  ----------  --------------  -------------------
/opt/airflow/dags/spark_bronze_to_silver_dag.py                                  0           1  0.24s           2026-01-26T14:59:17
/opt/airflow/dags/spark_bronze_to_silver_simple_dag.py                           1           0  0.31s           2026-01-26T14:59:17
================================================================================
[2026-01-26T14:59:51.897+0000] {manager.py:879} INFO - 
================================================================================
DAG File Processing Stats

File Path                                               PID    Runtime      # DAGs    # Errors  Last Runtime    Last Run
------------------------------------------------------  -----  ---------  --------  ----------  --------------  -------------------
/opt/airflow/dags/spark_bronze_to_silver_dag.py                                  0           1  0.17s           2026-01-26T14:59:48
/opt/airflow/dags/spark_bronze_to_silver_simple_dag.py                           1           0  0.31s           2026-01-26T14:59:49
================================================================================
[2026-01-26T15:00:23.858+0000] {manager.py:879} INFO - 
================================================================================
DAG File Processing Stats

File Path                                               PID    Runtime      # DAGs    # Errors  Last Runtime    Last Run
------------------------------------------------------  -----  ---------  --------  ----------  --------------  -------------------
/opt/airflow/dags/spark_bronze_to_silver_dag.py                                  0           1  0.16s           2026-01-26T15:00:20
/opt/airflow/dags/spark_bronze_to_silver_simple_dag.py                           1           0  0.27s           2026-01-26T15:00:20
================================================================================
[2026-01-26T15:00:55.997+0000] {manager.py:879} INFO - 
================================================================================
DAG File Processing Stats

File Path                                               PID    Runtime      # DAGs    # Errors  Last Runtime    Last Run
------------------------------------------------------  -----  ---------  --------  ----------  --------------  -------------------
/opt/airflow/dags/spark_bronze_to_silver_dag.py                                  0           1  0.16s           2026-01-26T15:00:51
/opt/airflow/dags/spark_bronze_to_silver_simple_dag.py                           1           0  0.24s           2026-01-26T15:00:52
================================================================================
[2026-01-26T15:01:28.060+0000] {manager.py:879} INFO - 
================================================================================
DAG File Processing Stats

File Path                                               PID    Runtime      # DAGs    # Errors  Last Runtime    Last Run
------------------------------------------------------  -----  ---------  --------  ----------  --------------  -------------------
/opt/airflow/dags/spark_bronze_to_silver_dag.py                                  0           1  0.15s           2026-01-26T15:01:23
/opt/airflow/dags/spark_bronze_to_silver_simple_dag.py                           1           0  0.25s           2026-01-26T15:01:24
================================================================================
[2026-01-26T15:01:38.176+0000] {manager.py:738} INFO - Searching for files in /opt/airflow/dags
[2026-01-26T15:01:38.283+0000] {manager.py:741} INFO - There are 2 files in /opt/airflow/dags
[2026-01-26T15:02:00.289+0000] {manager.py:879} INFO - 
================================================================================
DAG File Processing Stats

File Path                                               PID    Runtime      # DAGs    # Errors  Last Runtime    Last Run
------------------------------------------------------  -----  ---------  --------  ----------  --------------  -------------------
/opt/airflow/dags/spark_bronze_to_silver_dag.py                                  0           1  0.17s           2026-01-26T15:01:55
/opt/airflow/dags/spark_bronze_to_silver_simple_dag.py                           1           0  0.27s           2026-01-26T15:01:55
================================================================================
[2026-01-26T15:02:32.403+0000] {manager.py:879} INFO - 
================================================================================
DAG File Processing Stats

File Path                                               PID    Runtime      # DAGs    # Errors  Last Runtime    Last Run
------------------------------------------------------  -----  ---------  --------  ----------  --------------  -------------------
/opt/airflow/dags/spark_bronze_to_silver_dag.py                                  0           1  0.16s           2026-01-26T15:02:26
/opt/airflow/dags/spark_bronze_to_silver_simple_dag.py                           1           0  0.25s           2026-01-26T15:02:26
================================================================================
[2026-01-26T15:03:04.485+0000] {manager.py:879} INFO - 
================================================================================
DAG File Processing Stats

File Path                                               PID    Runtime      # DAGs    # Errors  Last Runtime    Last Run
------------------------------------------------------  -----  ---------  --------  ----------  --------------  -------------------
/opt/airflow/dags/spark_bronze_to_silver_dag.py                                  0           1  0.16s           2026-01-26T15:02:58
/opt/airflow/dags/spark_bronze_to_silver_simple_dag.py                           1           0  0.25s           2026-01-26T15:02:58
================================================================================
[2026-01-26T15:03:34.933+0000] {manager.py:879} INFO - 
================================================================================
DAG File Processing Stats

File Path                                               PID    Runtime      # DAGs    # Errors  Last Runtime    Last Run
------------------------------------------------------  -----  ---------  --------  ----------  --------------  -------------------
/opt/airflow/dags/spark_bronze_to_silver_dag.py                                  0           1  0.16s           2026-01-26T15:03:28
/opt/airflow/dags/spark_bronze_to_silver_simple_dag.py                           1           0  0.29s           2026-01-26T15:03:28
================================================================================
[2026-01-26T15:03:58.583+0000] {manager.py:451} INFO - Exiting gracefully upon receiving signal 15
[2026-01-26T20:53:13.411+0000] {manager.py:469} INFO - Processing files using up to 2 processes at a time 
[2026-01-26T20:53:13.413+0000] {manager.py:470} INFO - Process each file at most once every 30 seconds
[2026-01-26T20:53:13.414+0000] {manager.py:471} INFO - Checking for new files in /opt/airflow/dags every 300 seconds
[2026-01-26T20:53:13.415+0000] {manager.py:738} INFO - Searching for files in /opt/airflow/dags
[2026-01-26T20:53:13.474+0000] {manager.py:741} INFO - There are 2 files in /opt/airflow/dags
[2026-01-26T20:53:13.698+0000] {manager.py:879} INFO - 
================================================================================
DAG File Processing Stats

File Path                                                 PID  Runtime      # DAGs    # Errors  Last Runtime    Last Run
------------------------------------------------------  -----  ---------  --------  ----------  --------------  ----------
/opt/airflow/dags/spark_bronze_to_silver_dag.py            40  0.12s             0           0
/opt/airflow/dags/spark_bronze_to_silver_simple_dag.py     41  0.10s             0           0
================================================================================
[2026-01-26T20:53:46.007+0000] {manager.py:879} INFO - 
================================================================================
DAG File Processing Stats

File Path                                               PID    Runtime      # DAGs    # Errors  Last Runtime    Last Run
------------------------------------------------------  -----  ---------  --------  ----------  --------------  -------------------
/opt/airflow/dags/spark_bronze_to_silver_dag.py                                  0           1  0.28s           2026-01-26T20:53:44
/opt/airflow/dags/spark_bronze_to_silver_simple_dag.py                           1           0  0.87s           2026-01-26T20:53:44
================================================================================
[2026-01-26T20:54:18.613+0000] {manager.py:879} INFO - 
================================================================================
DAG File Processing Stats

File Path                                               PID    Runtime      # DAGs    # Errors  Last Runtime    Last Run
------------------------------------------------------  -----  ---------  --------  ----------  --------------  -------------------
/opt/airflow/dags/spark_bronze_to_silver_dag.py                                  0           1  0.09s           2026-01-26T20:54:14
/opt/airflow/dags/spark_bronze_to_silver_simple_dag.py                           1           0  0.18s           2026-01-26T20:54:15
================================================================================
[2026-01-26T20:54:50.900+0000] {manager.py:879} INFO - 
================================================================================
DAG File Processing Stats

File Path                                               PID    Runtime      # DAGs    # Errors  Last Runtime    Last Run
------------------------------------------------------  -----  ---------  --------  ----------  --------------  -------------------
/opt/airflow/dags/spark_bronze_to_silver_dag.py                                  0           1  0.12s           2026-01-26T20:54:44
/opt/airflow/dags/spark_bronze_to_silver_simple_dag.py                           1           0  0.29s           2026-01-26T20:54:46
================================================================================
[2026-01-26T20:55:23.238+0000] {manager.py:879} INFO - 
================================================================================
DAG File Processing Stats

File Path                                               PID    Runtime      # DAGs    # Errors  Last Runtime    Last Run
------------------------------------------------------  -----  ---------  --------  ----------  --------------  -------------------
/opt/airflow/dags/spark_bronze_to_silver_dag.py                                  0           1  0.08s           2026-01-26T20:55:15
/opt/airflow/dags/spark_bronze_to_silver_simple_dag.py                           1           0  0.16s           2026-01-26T20:55:16
================================================================================
[2026-01-26T20:55:55.361+0000] {manager.py:879} INFO - 
================================================================================
DAG File Processing Stats

File Path                                               PID    Runtime      # DAGs    # Errors  Last Runtime    Last Run
------------------------------------------------------  -----  ---------  --------  ----------  --------------  -------------------
/opt/airflow/dags/spark_bronze_to_silver_dag.py                                  0           1  0.09s           2026-01-26T20:55:46
/opt/airflow/dags/spark_bronze_to_silver_simple_dag.py                           1           0  0.19s           2026-01-26T20:55:47
================================================================================
[2026-01-26T20:56:27.591+0000] {manager.py:879} INFO - 
================================================================================
DAG File Processing Stats

File Path                                               PID    Runtime      # DAGs    # Errors  Last Runtime    Last Run
------------------------------------------------------  -----  ---------  --------  ----------  --------------  -------------------
/opt/airflow/dags/spark_bronze_to_silver_dag.py                                  0           1  0.13s           2026-01-26T20:56:18
/opt/airflow/dags/spark_bronze_to_silver_simple_dag.py                           1           0  0.19s           2026-01-26T20:56:18
================================================================================
[2026-01-26T20:56:59.865+0000] {manager.py:879} INFO - 
================================================================================
DAG File Processing Stats

File Path                                               PID    Runtime      # DAGs    # Errors  Last Runtime    Last Run
------------------------------------------------------  -----  ---------  --------  ----------  --------------  -------------------
/opt/airflow/dags/spark_bronze_to_silver_dag.py                                  0           1  0.07s           2026-01-26T20:56:49
/opt/airflow/dags/spark_bronze_to_silver_simple_dag.py                           1           0  0.14s           2026-01-26T20:56:49
================================================================================
[2026-01-26T20:57:32.196+0000] {manager.py:879} INFO - 
================================================================================
DAG File Processing Stats

File Path                                               PID    Runtime      # DAGs    # Errors  Last Runtime    Last Run
------------------------------------------------------  -----  ---------  --------  ----------  --------------  -------------------
/opt/airflow/dags/spark_bronze_to_silver_dag.py                                  0           1  0.10s           2026-01-26T20:57:22
/opt/airflow/dags/spark_bronze_to_silver_simple_dag.py                           1           0  0.16s           2026-01-26T20:57:22
================================================================================
[2026-01-26T20:58:04.335+0000] {manager.py:879} INFO - 
================================================================================
DAG File Processing Stats

File Path                                               PID    Runtime      # DAGs    # Errors  Last Runtime    Last Run
------------------------------------------------------  -----  ---------  --------  ----------  --------------  -------------------
/opt/airflow/dags/spark_bronze_to_silver_dag.py                                  0           1  0.08s           2026-01-26T20:57:54
/opt/airflow/dags/spark_bronze_to_silver_simple_dag.py                           1           0  0.13s           2026-01-26T20:57:54
================================================================================
[2026-01-26T20:58:14.404+0000] {manager.py:738} INFO - Searching for files in /opt/airflow/dags
[2026-01-26T20:58:14.428+0000] {manager.py:741} INFO - There are 2 files in /opt/airflow/dags
[2026-01-26T20:58:36.504+0000] {manager.py:879} INFO - 
================================================================================
DAG File Processing Stats

File Path                                               PID    Runtime      # DAGs    # Errors  Last Runtime    Last Run
------------------------------------------------------  -----  ---------  --------  ----------  --------------  -------------------
/opt/airflow/dags/spark_bronze_to_silver_dag.py                                  0           1  0.08s           2026-01-26T20:58:25
/opt/airflow/dags/spark_bronze_to_silver_simple_dag.py                           1           0  0.12s           2026-01-26T20:58:25
================================================================================
[2026-01-26T20:59:08.861+0000] {manager.py:879} INFO - 
================================================================================
DAG File Processing Stats

File Path                                               PID    Runtime      # DAGs    # Errors  Last Runtime    Last Run
------------------------------------------------------  -----  ---------  --------  ----------  --------------  -------------------
/opt/airflow/dags/spark_bronze_to_silver_dag.py                                  0           1  0.12s           2026-01-26T20:58:57
/opt/airflow/dags/spark_bronze_to_silver_simple_dag.py                           1           0  0.39s           2026-01-26T20:58:58
================================================================================
[2026-01-26T20:59:41.418+0000] {manager.py:879} INFO - 
================================================================================
DAG File Processing Stats

File Path                                               PID    Runtime      # DAGs    # Errors  Last Runtime    Last Run
------------------------------------------------------  -----  ---------  --------  ----------  --------------  -------------------
/opt/airflow/dags/spark_bronze_to_silver_dag.py                                  0           1  0.08s           2026-01-26T20:59:29
/opt/airflow/dags/spark_bronze_to_silver_simple_dag.py                           1           0  0.14s           2026-01-26T20:59:29
================================================================================
[2026-01-26T21:00:13.561+0000] {manager.py:879} INFO - 
================================================================================
DAG File Processing Stats

File Path                                               PID    Runtime      # DAGs    # Errors  Last Runtime    Last Run
------------------------------------------------------  -----  ---------  --------  ----------  --------------  -------------------
/opt/airflow/dags/spark_bronze_to_silver_dag.py                                  0           1  0.08s           2026-01-26T21:00:01
/opt/airflow/dags/spark_bronze_to_silver_simple_dag.py                           1           0  0.12s           2026-01-26T21:00:01
================================================================================
[2026-01-26T21:00:45.655+0000] {manager.py:879} INFO - 
================================================================================
DAG File Processing Stats

File Path                                               PID    Runtime      # DAGs    # Errors  Last Runtime    Last Run
------------------------------------------------------  -----  ---------  --------  ----------  --------------  -------------------
/opt/airflow/dags/spark_bronze_to_silver_dag.py                                  0           1  0.09s           2026-01-26T21:00:33
/opt/airflow/dags/spark_bronze_to_silver_simple_dag.py                           1           0  0.16s           2026-01-26T21:00:33
================================================================================
[2026-01-26T21:01:18.059+0000] {manager.py:879} INFO - 
================================================================================
DAG File Processing Stats

File Path                                               PID    Runtime      # DAGs    # Errors  Last Runtime    Last Run
------------------------------------------------------  -----  ---------  --------  ----------  --------------  -------------------
/opt/airflow/dags/spark_bronze_to_silver_dag.py                                  0           1  0.09s           2026-01-26T21:01:04
/opt/airflow/dags/spark_bronze_to_silver_simple_dag.py                           1           0  0.19s           2026-01-26T21:01:05
================================================================================
[2026-01-26T21:01:50.541+0000] {manager.py:879} INFO - 
================================================================================
DAG File Processing Stats

File Path                                               PID    Runtime      # DAGs    # Errors  Last Runtime    Last Run
------------------------------------------------------  -----  ---------  --------  ----------  --------------  -------------------
/opt/airflow/dags/spark_bronze_to_silver_dag.py                                  0           1  0.11s           2026-01-26T21:01:37
/opt/airflow/dags/spark_bronze_to_silver_simple_dag.py                           1           0  0.19s           2026-01-26T21:01:37
================================================================================
[2026-01-26T21:02:22.710+0000] {manager.py:879} INFO - 
================================================================================
DAG File Processing Stats

File Path                                               PID    Runtime      # DAGs    # Errors  Last Runtime    Last Run
------------------------------------------------------  -----  ---------  --------  ----------  --------------  -------------------
/opt/airflow/dags/spark_bronze_to_silver_dag.py                                  0           1  0.09s           2026-01-26T21:02:08
/opt/airflow/dags/spark_bronze_to_silver_simple_dag.py                           1           0  0.14s           2026-01-26T21:02:08
================================================================================
[2026-01-26T21:02:54.836+0000] {manager.py:879} INFO - 
================================================================================
DAG File Processing Stats

File Path                                               PID    Runtime      # DAGs    # Errors  Last Runtime    Last Run
------------------------------------------------------  -----  ---------  --------  ----------  --------------  -------------------
/opt/airflow/dags/spark_bronze_to_silver_dag.py                                  0           1  0.09s           2026-01-26T21:02:40
/opt/airflow/dags/spark_bronze_to_silver_simple_dag.py                           1           0  0.15s           2026-01-26T21:02:40
================================================================================
[2026-01-26T21:03:14.777+0000] {manager.py:738} INFO - Searching for files in /opt/airflow/dags
[2026-01-26T21:03:14.820+0000] {manager.py:741} INFO - There are 2 files in /opt/airflow/dags
[2026-01-26T21:03:26.915+0000] {manager.py:879} INFO - 
================================================================================
DAG File Processing Stats

File Path                                               PID    Runtime      # DAGs    # Errors  Last Runtime    Last Run
------------------------------------------------------  -----  ---------  --------  ----------  --------------  -------------------
/opt/airflow/dags/spark_bronze_to_silver_dag.py                                  0           1  0.14s           2026-01-26T21:03:12
/opt/airflow/dags/spark_bronze_to_silver_simple_dag.py                           1           0  0.35s           2026-01-26T21:03:12
================================================================================
[2026-01-26T21:03:59.105+0000] {manager.py:879} INFO - 
================================================================================
DAG File Processing Stats

File Path                                               PID    Runtime      # DAGs    # Errors  Last Runtime    Last Run
------------------------------------------------------  -----  ---------  --------  ----------  --------------  -------------------
/opt/airflow/dags/spark_bronze_to_silver_dag.py                                  0           1  0.10s           2026-01-26T21:03:44
/opt/airflow/dags/spark_bronze_to_silver_simple_dag.py                           0           1  0.09s           2026-01-26T21:03:31
================================================================================
[2026-01-26T21:04:31.300+0000] {manager.py:879} INFO - 
================================================================================
DAG File Processing Stats

File Path                                                 PID  Runtime      # DAGs    # Errors  Last Runtime    Last Run
------------------------------------------------------  -----  ---------  --------  ----------  --------------  -------------------
/opt/airflow/dags/spark_bronze_to_silver_dag.py                                  0           1  0.07s           2026-01-26T21:04:16
/opt/airflow/dags/spark_bronze_to_silver_simple_dag.py    219  0.00s             0           1  0.07s           2026-01-26T21:04:01
================================================================================
[2026-01-26T21:05:03.655+0000] {manager.py:879} INFO - 
================================================================================
DAG File Processing Stats

File Path                                               PID    Runtime      # DAGs    # Errors  Last Runtime    Last Run
------------------------------------------------------  -----  ---------  --------  ----------  --------------  -------------------
/opt/airflow/dags/spark_bronze_to_silver_dag.py                                  0           1  0.07s           2026-01-26T21:04:48
/opt/airflow/dags/spark_bronze_to_silver_simple_dag.py                           0           1  0.11s           2026-01-26T21:04:51
================================================================================
[2026-01-26T21:05:29.944+0000] {manager.py:1129} WARNING - Skipping processing of missing file: /opt/airflow/dags/spark_bronze_to_silver_dag.py
[2026-01-26T21:05:35.993+0000] {manager.py:879} INFO - 
================================================================================
DAG File Processing Stats

File Path                                               PID    Runtime      # DAGs    # Errors  Last Runtime    Last Run
------------------------------------------------------  -----  ---------  --------  ----------  --------------  -------------------
/opt/airflow/dags/spark_bronze_to_silver_simple_dag.py                           0           1  0.08s           2026-01-26T21:05:21
================================================================================
[2026-01-26T21:06:08.207+0000] {manager.py:879} INFO - 
================================================================================
DAG File Processing Stats

File Path                                               PID    Runtime      # DAGs    # Errors  Last Runtime    Last Run
------------------------------------------------------  -----  ---------  --------  ----------  --------------  -------------------
/opt/airflow/dags/spark_bronze_to_silver_simple_dag.py                           0           1  0.10s           2026-01-26T21:05:52
================================================================================
[2026-01-26T21:06:40.181+0000] {manager.py:879} INFO - 
================================================================================
DAG File Processing Stats

File Path                                               PID    Runtime      # DAGs    # Errors  Last Runtime    Last Run
------------------------------------------------------  -----  ---------  --------  ----------  --------------  -------------------
/opt/airflow/dags/spark_bronze_to_silver_simple_dag.py                           0           1  0.10s           2026-01-26T21:06:24
================================================================================
[2026-01-26T21:07:12.316+0000] {manager.py:879} INFO - 
================================================================================
DAG File Processing Stats

File Path                                               PID    Runtime      # DAGs    # Errors  Last Runtime    Last Run
------------------------------------------------------  -----  ---------  --------  ----------  --------------  -------------------
/opt/airflow/dags/spark_bronze_to_silver_simple_dag.py                           0           1  0.08s           2026-01-26T21:06:55
================================================================================
[2026-01-26T21:07:44.715+0000] {manager.py:879} INFO - 
================================================================================
DAG File Processing Stats

File Path                                               PID    Runtime      # DAGs    # Errors  Last Runtime    Last Run
------------------------------------------------------  -----  ---------  --------  ----------  --------------  -------------------
/opt/airflow/dags/spark_bronze_to_silver_simple_dag.py                           0           1  0.15s           2026-01-26T21:07:27
================================================================================
[2026-01-26T21:07:50.464+0000] {manager.py:451} INFO - Exiting gracefully upon receiving signal 15
[2026-01-26T21:09:43.445+0000] {manager.py:469} INFO - Processing files using up to 2 processes at a time 
[2026-01-26T21:09:43.446+0000] {manager.py:470} INFO - Process each file at most once every 30 seconds
[2026-01-26T21:09:43.450+0000] {manager.py:471} INFO - Checking for new files in /opt/airflow/dags every 300 seconds
[2026-01-26T21:09:43.451+0000] {manager.py:738} INFO - Searching for files in /opt/airflow/dags
[2026-01-26T21:09:43.523+0000] {manager.py:741} INFO - There are 2 files in /opt/airflow/dags
[2026-01-26T21:09:43.907+0000] {manager.py:879} INFO - 
================================================================================
DAG File Processing Stats

File Path                                                 PID  Runtime      # DAGs    # Errors  Last Runtime    Last Run
------------------------------------------------------  -----  ---------  --------  ----------  --------------  ----------
/opt/airflow/dags/spark_bronze_to_silver_dag.py            41  0.25s             0           0
/opt/airflow/dags/spark_bronze_to_silver_simple_dag.py     42  0.22s             0           0
================================================================================
[2026-01-26T21:10:16.135+0000] {manager.py:879} INFO - 
================================================================================
DAG File Processing Stats

File Path                                               PID    Runtime      # DAGs    # Errors  Last Runtime    Last Run
------------------------------------------------------  -----  ---------  --------  ----------  --------------  -------------------
/opt/airflow/dags/spark_bronze_to_silver_dag.py                                  0           1  0.27s           2026-01-26T21:10:14
/opt/airflow/dags/spark_bronze_to_silver_simple_dag.py                           0           1  0.25s           2026-01-26T21:10:14
================================================================================
[2026-01-26T21:10:48.407+0000] {manager.py:879} INFO - 
================================================================================
DAG File Processing Stats

File Path                                               PID    Runtime      # DAGs    # Errors  Last Runtime    Last Run
------------------------------------------------------  -----  ---------  --------  ----------  --------------  -------------------
/opt/airflow/dags/spark_bronze_to_silver_dag.py                                  0           1  0.10s           2026-01-26T21:10:44
/opt/airflow/dags/spark_bronze_to_silver_simple_dag.py                           0           1  0.10s           2026-01-26T21:10:44
================================================================================
[2026-01-26T21:10:51.426+0000] {manager.py:1129} WARNING - Skipping processing of missing file: /opt/airflow/dags/spark_bronze_to_silver_simple_dag.py
[2026-01-26T21:11:20.708+0000] {manager.py:879} INFO - 
================================================================================
DAG File Processing Stats

File Path                                        PID    Runtime      # DAGs    # Errors  Last Runtime    Last Run
-----------------------------------------------  -----  ---------  --------  ----------  --------------  -------------------
/opt/airflow/dags/spark_bronze_to_silver_dag.py                           0           1  0.13s           2026-01-26T21:11:14
================================================================================
[2026-01-26T21:11:52.995+0000] {manager.py:879} INFO - 
================================================================================
DAG File Processing Stats

File Path                                        PID    Runtime      # DAGs    # Errors  Last Runtime    Last Run
-----------------------------------------------  -----  ---------  --------  ----------  --------------  -------------------
/opt/airflow/dags/spark_bronze_to_silver_dag.py                           0           1  0.08s           2026-01-26T21:11:45
================================================================================
[2026-01-26T21:12:24.996+0000] {manager.py:879} INFO - 
================================================================================
DAG File Processing Stats

File Path                                        PID    Runtime      # DAGs    # Errors  Last Runtime    Last Run
-----------------------------------------------  -----  ---------  --------  ----------  --------------  -------------------
/opt/airflow/dags/spark_bronze_to_silver_dag.py                           0           1  0.09s           2026-01-26T21:12:15
================================================================================
[2026-01-26T21:12:57.059+0000] {manager.py:879} INFO - 
================================================================================
DAG File Processing Stats

File Path                                        PID    Runtime      # DAGs    # Errors  Last Runtime    Last Run
-----------------------------------------------  -----  ---------  --------  ----------  --------------  -------------------
/opt/airflow/dags/spark_bronze_to_silver_dag.py                           0           1  0.11s           2026-01-26T21:12:28
================================================================================
[2026-01-26T21:13:29.265+0000] {manager.py:879} INFO - 
================================================================================
DAG File Processing Stats

File Path                                        PID    Runtime      # DAGs    # Errors  Last Runtime    Last Run
-----------------------------------------------  -----  ---------  --------  ----------  --------------  -------------------
/opt/airflow/dags/spark_bronze_to_silver_dag.py                           0           1  0.10s           2026-01-26T21:13:10
================================================================================
[2026-01-26T21:14:01.601+0000] {manager.py:879} INFO - 
================================================================================
DAG File Processing Stats

File Path                                        PID    Runtime      # DAGs    # Errors  Last Runtime    Last Run
-----------------------------------------------  -----  ---------  --------  ----------  --------------  -------------------
/opt/airflow/dags/spark_bronze_to_silver_dag.py                           0           1  0.08s           2026-01-26T21:13:40
================================================================================
[2026-01-26T21:14:33.997+0000] {manager.py:879} INFO - 
================================================================================
DAG File Processing Stats

File Path                                        PID    Runtime      # DAGs    # Errors  Last Runtime    Last Run
-----------------------------------------------  -----  ---------  --------  ----------  --------------  -------------------
/opt/airflow/dags/spark_bronze_to_silver_dag.py                           0           1  0.16s           2026-01-26T21:14:16
================================================================================
[2026-01-26T21:14:44.060+0000] {manager.py:738} INFO - Searching for files in /opt/airflow/dags
[2026-01-26T21:14:44.103+0000] {manager.py:741} INFO - There are 1 files in /opt/airflow/dags
[2026-01-26T21:14:48.159+0000] {manager.py:451} INFO - Exiting gracefully upon receiving signal 15
[2026-01-26T21:15:28.195+0000] {manager.py:469} INFO - Processing files using up to 2 processes at a time 
[2026-01-26T21:15:28.196+0000] {manager.py:470} INFO - Process each file at most once every 30 seconds
[2026-01-26T21:15:28.197+0000] {manager.py:471} INFO - Checking for new files in /opt/airflow/dags every 300 seconds
[2026-01-26T21:15:28.198+0000] {manager.py:738} INFO - Searching for files in /opt/airflow/dags
[2026-01-26T21:15:28.235+0000] {manager.py:741} INFO - There are 1 files in /opt/airflow/dags
[2026-01-26T21:15:28.366+0000] {manager.py:879} INFO - 
================================================================================
DAG File Processing Stats

File Path                                          PID  Runtime      # DAGs    # Errors  Last Runtime    Last Run
-----------------------------------------------  -----  ---------  --------  ----------  --------------  ----------
/opt/airflow/dags/spark_bronze_to_silver_dag.py     33  0.06s             0           0
================================================================================
[2026-01-26T21:16:01.014+0000] {manager.py:879} INFO - 
================================================================================
DAG File Processing Stats

File Path                                        PID    Runtime      # DAGs    # Errors  Last Runtime    Last Run
-----------------------------------------------  -----  ---------  --------  ----------  --------------  -------------------
/opt/airflow/dags/spark_bronze_to_silver_dag.py                           0           1  0.08s           2026-01-26T21:15:59
================================================================================
[2026-01-26T21:16:33.237+0000] {manager.py:879} INFO - 
================================================================================
DAG File Processing Stats

File Path                                        PID    Runtime      # DAGs    # Errors  Last Runtime    Last Run
-----------------------------------------------  -----  ---------  --------  ----------  --------------  -------------------
/opt/airflow/dags/spark_bronze_to_silver_dag.py                           0           1  0.28s           2026-01-26T21:16:15
================================================================================
[2026-01-26T21:16:37.320+0000] {manager.py:451} INFO - Exiting gracefully upon receiving signal 15
[2026-01-26T21:17:03.478+0000] {manager.py:469} INFO - Processing files using up to 2 processes at a time 
[2026-01-26T21:17:03.482+0000] {manager.py:470} INFO - Process each file at most once every 30 seconds
[2026-01-26T21:17:03.482+0000] {manager.py:471} INFO - Checking for new files in /opt/airflow/dags every 300 seconds
[2026-01-26T21:17:03.484+0000] {manager.py:738} INFO - Searching for files in /opt/airflow/dags
[2026-01-26T21:17:03.516+0000] {manager.py:741} INFO - There are 1 files in /opt/airflow/dags
[2026-01-26T21:17:03.642+0000] {manager.py:879} INFO - 
================================================================================
DAG File Processing Stats

File Path                                          PID  Runtime      # DAGs    # Errors  Last Runtime    Last Run
-----------------------------------------------  -----  ---------  --------  ----------  --------------  ----------
/opt/airflow/dags/spark_bronze_to_silver_dag.py     33  0.06s             0           0
================================================================================
[2026-01-26T21:17:35.793+0000] {manager.py:879} INFO - 
================================================================================
DAG File Processing Stats

File Path                                        PID    Runtime      # DAGs    # Errors  Last Runtime    Last Run
-----------------------------------------------  -----  ---------  --------  ----------  --------------  -------------------
/opt/airflow/dags/spark_bronze_to_silver_dag.py                           0           1  0.08s           2026-01-26T21:17:33
================================================================================
[2026-01-26T21:18:07.913+0000] {manager.py:879} INFO - 
================================================================================
DAG File Processing Stats

File Path                                        PID    Runtime      # DAGs    # Errors  Last Runtime    Last Run
-----------------------------------------------  -----  ---------  --------  ----------  --------------  -------------------
/opt/airflow/dags/spark_bronze_to_silver_dag.py                           0           1  0.07s           2026-01-26T21:18:05
================================================================================
[2026-01-26T21:18:40.257+0000] {manager.py:879} INFO - 
================================================================================
DAG File Processing Stats

File Path                                        PID    Runtime      # DAGs    # Errors  Last Runtime    Last Run
-----------------------------------------------  -----  ---------  --------  ----------  --------------  -------------------
/opt/airflow/dags/spark_bronze_to_silver_dag.py                           0           1  0.09s           2026-01-26T21:18:17
================================================================================
[2026-01-26T21:19:12.357+0000] {manager.py:879} INFO - 
================================================================================
DAG File Processing Stats

File Path                                        PID    Runtime      # DAGs    # Errors  Last Runtime    Last Run
-----------------------------------------------  -----  ---------  --------  ----------  --------------  -------------------
/opt/airflow/dags/spark_bronze_to_silver_dag.py                           0           1  0.09s           2026-01-26T21:18:47
================================================================================
[2026-01-26T21:19:44.591+0000] {manager.py:879} INFO - 
================================================================================
DAG File Processing Stats

File Path                                        PID    Runtime      # DAGs    # Errors  Last Runtime    Last Run
-----------------------------------------------  -----  ---------  --------  ----------  --------------  -------------------
/opt/airflow/dags/spark_bronze_to_silver_dag.py                           0           1  0.08s           2026-01-26T21:19:17
================================================================================
[2026-01-26T21:20:10.305+0000] {manager.py:451} INFO - Exiting gracefully upon receiving signal 15
[2026-01-26T21:20:35.676+0000] {manager.py:469} INFO - Processing files using up to 2 processes at a time 
[2026-01-26T21:20:35.677+0000] {manager.py:470} INFO - Process each file at most once every 30 seconds
[2026-01-26T21:20:35.678+0000] {manager.py:471} INFO - Checking for new files in /opt/airflow/dags every 300 seconds
[2026-01-26T21:20:35.679+0000] {manager.py:738} INFO - Searching for files in /opt/airflow/dags
[2026-01-26T21:20:35.709+0000] {manager.py:741} INFO - There are 1 files in /opt/airflow/dags
[2026-01-26T21:20:35.825+0000] {manager.py:879} INFO - 
================================================================================
DAG File Processing Stats

File Path                                          PID  Runtime      # DAGs    # Errors  Last Runtime    Last Run
-----------------------------------------------  -----  ---------  --------  ----------  --------------  ----------
/opt/airflow/dags/spark_bronze_to_silver_dag.py     33  0.05s             0           0
================================================================================
[2026-01-26T21:21:08.017+0000] {manager.py:879} INFO - 
================================================================================
DAG File Processing Stats

File Path                                        PID    Runtime      # DAGs    # Errors  Last Runtime    Last Run
-----------------------------------------------  -----  ---------  --------  ----------  --------------  -------------------
/opt/airflow/dags/spark_bronze_to_silver_dag.py                           1           0  0.22s           2026-01-26T21:21:06
================================================================================
[2026-01-26T21:21:40.320+0000] {manager.py:879} INFO - 
================================================================================
DAG File Processing Stats

File Path                                        PID    Runtime      # DAGs    # Errors  Last Runtime    Last Run
-----------------------------------------------  -----  ---------  --------  ----------  --------------  -------------------
/opt/airflow/dags/spark_bronze_to_silver_dag.py                           1           0  0.22s           2026-01-26T21:21:36
================================================================================
[2026-01-26T21:22:12.719+0000] {manager.py:879} INFO - 
================================================================================
DAG File Processing Stats

File Path                                        PID    Runtime      # DAGs    # Errors  Last Runtime    Last Run
-----------------------------------------------  -----  ---------  --------  ----------  --------------  -------------------
/opt/airflow/dags/spark_bronze_to_silver_dag.py                           1           0  0.17s           2026-01-26T21:22:06
================================================================================
[2026-01-26T21:22:44.999+0000] {manager.py:879} INFO - 
================================================================================
DAG File Processing Stats

File Path                                        PID    Runtime      # DAGs    # Errors  Last Runtime    Last Run
-----------------------------------------------  -----  ---------  --------  ----------  --------------  -------------------
/opt/airflow/dags/spark_bronze_to_silver_dag.py                           1           0  0.18s           2026-01-26T21:22:37
================================================================================
[2026-01-26T21:23:17.295+0000] {manager.py:879} INFO - 
================================================================================
DAG File Processing Stats

File Path                                        PID    Runtime      # DAGs    # Errors  Last Runtime    Last Run
-----------------------------------------------  -----  ---------  --------  ----------  --------------  -------------------
/opt/airflow/dags/spark_bronze_to_silver_dag.py                           1           0  0.11s           2026-01-26T21:23:07
================================================================================
[2026-01-26T21:23:49.487+0000] {manager.py:879} INFO - 
================================================================================
DAG File Processing Stats

File Path                                        PID    Runtime      # DAGs    # Errors  Last Runtime    Last Run
-----------------------------------------------  -----  ---------  --------  ----------  --------------  -------------------
/opt/airflow/dags/spark_bronze_to_silver_dag.py                           1           0  0.12s           2026-01-26T21:23:37
================================================================================
[2026-01-26T21:24:21.783+0000] {manager.py:879} INFO - 
================================================================================
DAG File Processing Stats

File Path                                        PID    Runtime      # DAGs    # Errors  Last Runtime    Last Run
-----------------------------------------------  -----  ---------  --------  ----------  --------------  -------------------
/opt/airflow/dags/spark_bronze_to_silver_dag.py                           1           0  0.12s           2026-01-26T21:24:07
================================================================================
[2026-01-26T21:24:53.874+0000] {manager.py:879} INFO - 
================================================================================
DAG File Processing Stats

File Path                                        PID    Runtime      # DAGs    # Errors  Last Runtime    Last Run
-----------------------------------------------  -----  ---------  --------  ----------  --------------  -------------------
/opt/airflow/dags/spark_bronze_to_silver_dag.py                           0           1  0.19s           2026-01-26T21:24:37
================================================================================
[2026-01-26T21:25:26.010+0000] {manager.py:879} INFO - 
================================================================================
DAG File Processing Stats

File Path                                        PID    Runtime      # DAGs    # Errors  Last Runtime    Last Run
-----------------------------------------------  -----  ---------  --------  ----------  --------------  -------------------
/opt/airflow/dags/spark_bronze_to_silver_dag.py                           0           1  0.09s           2026-01-26T21:25:07
================================================================================
[2026-01-26T21:25:36.011+0000] {manager.py:738} INFO - Searching for files in /opt/airflow/dags
[2026-01-26T21:25:36.029+0000] {manager.py:741} INFO - There are 1 files in /opt/airflow/dags
[2026-01-26T21:25:58.218+0000] {manager.py:879} INFO - 
================================================================================
DAG File Processing Stats

File Path                                        PID    Runtime      # DAGs    # Errors  Last Runtime    Last Run
-----------------------------------------------  -----  ---------  --------  ----------  --------------  -------------------
/opt/airflow/dags/spark_bronze_to_silver_dag.py                           0           1  0.13s           2026-01-26T21:25:38
================================================================================
[2026-01-26T21:26:30.845+0000] {manager.py:879} INFO - 
================================================================================
DAG File Processing Stats

File Path                                        PID    Runtime      # DAGs    # Errors  Last Runtime    Last Run
-----------------------------------------------  -----  ---------  --------  ----------  --------------  -------------------
/opt/airflow/dags/spark_bronze_to_silver_dag.py                           1           0  0.18s           2026-01-26T21:26:14
================================================================================
[2026-01-26T21:27:03.072+0000] {manager.py:879} INFO - 
================================================================================
DAG File Processing Stats

File Path                                        PID    Runtime      # DAGs    # Errors  Last Runtime    Last Run
-----------------------------------------------  -----  ---------  --------  ----------  --------------  -------------------
/opt/airflow/dags/spark_bronze_to_silver_dag.py                           1           0  0.31s           2026-01-26T21:26:45
================================================================================
[2026-01-26T21:27:35.455+0000] {manager.py:879} INFO - 
================================================================================
DAG File Processing Stats

File Path                                        PID    Runtime      # DAGs    # Errors  Last Runtime    Last Run
-----------------------------------------------  -----  ---------  --------  ----------  --------------  -------------------
/opt/airflow/dags/spark_bronze_to_silver_dag.py                           1           0  0.14s           2026-01-26T21:27:15
================================================================================
