[2026-01-27T14:30:14.040+0000] {taskinstance.py:1956} INFO - Dependencies all met for dep_context=non-requeueable deps ti=<TaskInstance: spark_bronze_to_silver_simple.transform_bronze_to_silver scheduled__2026-01-27T13:00:00+00:00 [queued]>
[2026-01-27T14:30:14.046+0000] {taskinstance.py:1956} INFO - Dependencies all met for dep_context=requeueable deps ti=<TaskInstance: spark_bronze_to_silver_simple.transform_bronze_to_silver scheduled__2026-01-27T13:00:00+00:00 [queued]>
[2026-01-27T14:30:14.047+0000] {taskinstance.py:2170} INFO - Starting attempt 1 of 3
[2026-01-27T14:30:14.058+0000] {taskinstance.py:2191} INFO - Executing <Task(BashOperator): transform_bronze_to_silver> on 2026-01-27 13:00:00+00:00
[2026-01-27T14:30:14.063+0000] {standard_task_runner.py:60} INFO - Started process 85 to run task
[2026-01-27T14:30:14.065+0000] {standard_task_runner.py:87} INFO - Running: ['***', 'tasks', 'run', 'spark_bronze_to_silver_simple', 'transform_bronze_to_silver', 'scheduled__2026-01-27T13:00:00+00:00', '--job-id', '3', '--raw', '--subdir', 'DAGS_FOLDER/spark_bronze_to_silver_dag.py', '--cfg-path', '/tmp/tmpgptkp18y']
[2026-01-27T14:30:14.067+0000] {standard_task_runner.py:88} INFO - Job 3: Subtask transform_bronze_to_silver
[2026-01-27T14:30:14.127+0000] {task_command.py:423} INFO - Running <TaskInstance: spark_bronze_to_silver_simple.transform_bronze_to_silver scheduled__2026-01-27T13:00:00+00:00 [running]> on host 0028dfdbde57
[2026-01-27T14:30:14.185+0000] {taskinstance.py:2480} INFO - Exporting env vars: AIRFLOW_CTX_DAG_OWNER='data-engineering' AIRFLOW_CTX_DAG_ID='spark_bronze_to_silver_simple' AIRFLOW_CTX_TASK_ID='transform_bronze_to_silver' AIRFLOW_CTX_EXECUTION_DATE='2026-01-27T13:00:00+00:00' AIRFLOW_CTX_TRY_NUMBER='1' AIRFLOW_CTX_DAG_RUN_ID='scheduled__2026-01-27T13:00:00+00:00'
[2026-01-27T14:30:14.189+0000] {subprocess.py:63} INFO - Tmp dir root location: /tmp
[2026-01-27T14:30:14.190+0000] {subprocess.py:75} INFO - Running command: ['/usr/bin/bash', '-c', 'spark-submit --master spark://spark-master:7077 --packages org.apache.iceberg:iceberg-spark-runtime-3.4_2.12:1.5.0,org.apache.hadoop:hadoop-aws:3.3.4,com.amazonaws:aws-java-sdk-bundle:1.12.262 --conf spark.hadoop.fs.s3a.endpoint=https://expert-pancake-jv9wx6vww5w25gj4-4566.app.github.dev/ --conf spark.hadoop.fs.s3a.access.key=test --conf spark.hadoop.fs.s3a.secret.key=test --conf spark.hadoop.fs.s3a.path.style.access=true --conf spark.hadoop.fs.s3a.impl=org.apache.hadoop.fs.s3a.S3AFileSystem --conf spark.hadoop.fs.s3a.connection.ssl.enabled=true /opt/spark/shared/from_bronze_to_silver.py']
[2026-01-27T14:30:14.201+0000] {subprocess.py:86} INFO - Output:
[2026-01-27T14:30:14.212+0000] {subprocess.py:93} INFO - /usr/bin/bash: line 1: spark-submit: command not found
[2026-01-27T14:30:14.213+0000] {subprocess.py:97} INFO - Command exited with return code 127
[2026-01-27T14:30:14.222+0000] {taskinstance.py:2698} ERROR - Task failed with exception
Traceback (most recent call last):
  File "/home/airflow/.local/lib/python3.8/site-packages/airflow/models/taskinstance.py", line 433, in _execute_task
    result = execute_callable(context=context, **execute_callable_kwargs)
  File "/home/airflow/.local/lib/python3.8/site-packages/airflow/operators/bash.py", line 212, in execute
    raise AirflowException(
airflow.exceptions.AirflowException: Bash command failed. The command returned a non-zero exit code 127.
[2026-01-27T14:30:14.226+0000] {taskinstance.py:1138} INFO - Marking task as UP_FOR_RETRY. dag_id=spark_bronze_to_silver_simple, task_id=transform_bronze_to_silver, execution_date=20260127T130000, start_date=20260127T143014, end_date=20260127T143014
[2026-01-27T14:30:14.236+0000] {standard_task_runner.py:107} ERROR - Failed to execute job 3 for task transform_bronze_to_silver (Bash command failed. The command returned a non-zero exit code 127.; 85)
[2026-01-27T14:30:14.278+0000] {local_task_job_runner.py:234} INFO - Task exited with return code 1
[2026-01-27T14:30:14.297+0000] {taskinstance.py:3280} INFO - 0 downstream tasks scheduled from follow-on schedule check
