[2026-01-27T14:20:05.563+0000] {processor.py:161} INFO - Started process (PID=29) to work on /opt/airflow/dags/spark_bronze_to_silver_dag.py
[2026-01-27T14:20:05.564+0000] {processor.py:830} INFO - Processing file /opt/airflow/dags/spark_bronze_to_silver_dag.py for tasks to queue
[2026-01-27T14:20:05.565+0000] {logging_mixin.py:188} INFO - [2026-01-27T14:20:05.565+0000] {dagbag.py:538} INFO - Filling up the DagBag from /opt/airflow/dags/spark_bronze_to_silver_dag.py
[2026-01-27T14:20:05.650+0000] {processor.py:840} INFO - DAG(s) 'spark_bronze_to_silver_simple' retrieved from /opt/airflow/dags/spark_bronze_to_silver_dag.py
[2026-01-27T14:20:05.812+0000] {logging_mixin.py:188} INFO - [2026-01-27T14:20:05.812+0000] {override.py:1769} INFO - Created Permission View: can delete on DAG:spark_bronze_to_silver_simple
[2026-01-27T14:20:05.820+0000] {logging_mixin.py:188} INFO - [2026-01-27T14:20:05.820+0000] {override.py:1769} INFO - Created Permission View: can read on DAG:spark_bronze_to_silver_simple
[2026-01-27T14:20:05.825+0000] {logging_mixin.py:188} INFO - [2026-01-27T14:20:05.825+0000] {override.py:1769} INFO - Created Permission View: can edit on DAG:spark_bronze_to_silver_simple
[2026-01-27T14:20:05.826+0000] {logging_mixin.py:188} INFO - [2026-01-27T14:20:05.825+0000] {dag.py:3036} INFO - Sync 1 DAGs
[2026-01-27T14:20:05.833+0000] {logging_mixin.py:188} INFO - [2026-01-27T14:20:05.833+0000] {dag.py:3058} INFO - Creating ORM DAG for spark_bronze_to_silver_simple
[2026-01-27T14:20:05.840+0000] {logging_mixin.py:188} INFO - [2026-01-27T14:20:05.840+0000] {dag.py:3823} INFO - Setting next_dagrun for spark_bronze_to_silver_simple to 2026-01-27 13:00:00+00:00, run_after=2026-01-27 14:00:00+00:00
[2026-01-27T14:20:05.859+0000] {processor.py:183} INFO - Processing /opt/airflow/dags/spark_bronze_to_silver_dag.py took 0.299 seconds
[2026-01-27T14:20:38.540+0000] {processor.py:161} INFO - Started process (PID=37) to work on /opt/airflow/dags/spark_bronze_to_silver_dag.py
[2026-01-27T14:20:38.554+0000] {processor.py:830} INFO - Processing file /opt/airflow/dags/spark_bronze_to_silver_dag.py for tasks to queue
[2026-01-27T14:20:39.064+0000] {logging_mixin.py:188} INFO - [2026-01-27T14:20:38.576+0000] {dagbag.py:538} INFO - Filling up the DagBag from /opt/airflow/dags/spark_bronze_to_silver_dag.py
[2026-01-27T14:20:42.817+0000] {processor.py:840} INFO - DAG(s) 'spark_bronze_to_silver_simple' retrieved from /opt/airflow/dags/spark_bronze_to_silver_dag.py
[2026-01-27T14:23:05.420+0000] {processor.py:161} INFO - Started process (PID=38) to work on /opt/airflow/dags/spark_bronze_to_silver_dag.py
[2026-01-27T14:23:06.068+0000] {processor.py:830} INFO - Processing file /opt/airflow/dags/spark_bronze_to_silver_dag.py for tasks to queue
[2026-01-27T14:23:07.559+0000] {logging_mixin.py:188} INFO - [2026-01-27T14:23:06.565+0000] {dagbag.py:538} INFO - Filling up the DagBag from /opt/airflow/dags/spark_bronze_to_silver_dag.py
[2026-01-27T14:24:42.775+0000] {processor.py:840} INFO - DAG(s) 'spark_bronze_to_silver_simple' retrieved from /opt/airflow/dags/spark_bronze_to_silver_dag.py
[2026-01-27T14:27:38.922+0000] {processor.py:186} ERROR - Got an exception! Propagating...
Traceback (most recent call last):
  File "/home/airflow/.local/lib/python3.8/site-packages/sqlalchemy/engine/base.py", line 3371, in _wrap_pool_connect
    return fn()
  File "/home/airflow/.local/lib/python3.8/site-packages/sqlalchemy/pool/base.py", line 327, in connect
    return _ConnectionFairy._checkout(self)
  File "/home/airflow/.local/lib/python3.8/site-packages/sqlalchemy/pool/base.py", line 894, in _checkout
    fairy = _ConnectionRecord.checkout(pool)
  File "/home/airflow/.local/lib/python3.8/site-packages/sqlalchemy/pool/base.py", line 493, in checkout
    rec = pool._do_get()
  File "/home/airflow/.local/lib/python3.8/site-packages/sqlalchemy/pool/impl.py", line 146, in _do_get
    self._dec_overflow()
  File "/home/airflow/.local/lib/python3.8/site-packages/sqlalchemy/util/langhelpers.py", line 70, in __exit__
    compat.raise_(
  File "/home/airflow/.local/lib/python3.8/site-packages/sqlalchemy/util/compat.py", line 211, in raise_
    raise exception
  File "/home/airflow/.local/lib/python3.8/site-packages/sqlalchemy/pool/impl.py", line 143, in _do_get
    return self._create_connection()
  File "/home/airflow/.local/lib/python3.8/site-packages/sqlalchemy/pool/base.py", line 273, in _create_connection
    return _ConnectionRecord(self)
  File "/home/airflow/.local/lib/python3.8/site-packages/sqlalchemy/pool/base.py", line 388, in __init__
    self.__connect()
  File "/home/airflow/.local/lib/python3.8/site-packages/sqlalchemy/pool/base.py", line 691, in __connect
    pool.logger.debug("Error on connect(): %s", e)
  File "/home/airflow/.local/lib/python3.8/site-packages/sqlalchemy/util/langhelpers.py", line 70, in __exit__
    compat.raise_(
  File "/home/airflow/.local/lib/python3.8/site-packages/sqlalchemy/util/compat.py", line 211, in raise_
    raise exception
  File "/home/airflow/.local/lib/python3.8/site-packages/sqlalchemy/pool/base.py", line 686, in __connect
    self.dbapi_connection = connection = pool._invoke_creator(self)
  File "/home/airflow/.local/lib/python3.8/site-packages/sqlalchemy/engine/create.py", line 574, in connect
    return dialect.connect(*cargs, **cparams)
  File "/home/airflow/.local/lib/python3.8/site-packages/sqlalchemy/engine/default.py", line 598, in connect
    return self.dbapi.connect(*cargs, **cparams)
  File "/home/airflow/.local/lib/python3.8/site-packages/psycopg2/__init__.py", line 122, in connect
    conn = _connect(dsn, connection_factory=connection_factory, **kwasync)
psycopg2.OperationalError: could not translate host name "postgres-airflow" to address: Temporary failure in name resolution


The above exception was the direct cause of the following exception:

Traceback (most recent call last):
  File "/home/airflow/.local/lib/python3.8/site-packages/airflow/dag_processing/processor.py", line 182, in _run_file_processor
    _handle_dag_file_processing()
  File "/home/airflow/.local/lib/python3.8/site-packages/airflow/dag_processing/processor.py", line 163, in _handle_dag_file_processing
    result: tuple[int, int] = dag_file_processor.process_file(
  File "/home/airflow/.local/lib/python3.8/site-packages/airflow/utils/session.py", line 79, in wrapper
    return func(*args, session=session, **kwargs)
  File "/home/airflow/.local/lib/python3.8/site-packages/airflow/dag_processing/processor.py", line 859, in process_file
    serialize_errors = DagFileProcessor.save_dag_to_db(
  File "/home/airflow/.local/lib/python3.8/site-packages/airflow/api_internal/internal_api_call.py", line 114, in wrapper
    return func(*args, **kwargs)
  File "/home/airflow/.local/lib/python3.8/site-packages/airflow/utils/session.py", line 79, in wrapper
    return func(*args, session=session, **kwargs)
  File "/home/airflow/.local/lib/python3.8/site-packages/airflow/dag_processing/processor.py", line 895, in save_dag_to_db
    import_errors = DagBag._sync_to_db(dags=dags, processor_subdir=dag_directory, session=session)
  File "/home/airflow/.local/lib/python3.8/site-packages/airflow/utils/session.py", line 76, in wrapper
    return func(*args, **kwargs)
  File "/home/airflow/.local/lib/python3.8/site-packages/airflow/models/dagbag.py", line 657, in _sync_to_db
    for attempt in run_with_db_retries(logger=log):
  File "/home/airflow/.local/lib/python3.8/site-packages/tenacity/__init__.py", line 347, in __iter__
    do = self.iter(retry_state=retry_state)
  File "/home/airflow/.local/lib/python3.8/site-packages/tenacity/__init__.py", line 325, in iter
    raise retry_exc.reraise()
  File "/home/airflow/.local/lib/python3.8/site-packages/tenacity/__init__.py", line 158, in reraise
    raise self.last_attempt.result()
  File "/usr/local/lib/python3.8/concurrent/futures/_base.py", line 437, in result
    return self.__get_result()
  File "/usr/local/lib/python3.8/concurrent/futures/_base.py", line 389, in __get_result
    raise self._exception
  File "/home/airflow/.local/lib/python3.8/site-packages/airflow/models/dagbag.py", line 670, in _sync_to_db
    _serialize_dag_capturing_errors(dag, session, processor_subdir)
  File "/home/airflow/.local/lib/python3.8/site-packages/airflow/models/dagbag.py", line 635, in _serialize_dag_capturing_errors
    dag_was_updated = SerializedDagModel.write_dag(
  File "/home/airflow/.local/lib/python3.8/site-packages/airflow/utils/session.py", line 76, in wrapper
    return func(*args, **kwargs)
  File "/home/airflow/.local/lib/python3.8/site-packages/airflow/models/serialized_dag.py", line 157, in write_dag
    if session.scalar(
  File "/home/airflow/.local/lib/python3.8/site-packages/sqlalchemy/orm/session.py", line 1747, in scalar
    return self.execute(
  File "/home/airflow/.local/lib/python3.8/site-packages/sqlalchemy/orm/session.py", line 1716, in execute
    conn = self._connection_for_bind(bind)
  File "/home/airflow/.local/lib/python3.8/site-packages/sqlalchemy/orm/session.py", line 1555, in _connection_for_bind
    return self._transaction._connection_for_bind(
  File "/home/airflow/.local/lib/python3.8/site-packages/sqlalchemy/orm/session.py", line 750, in _connection_for_bind
    conn = bind.connect()
  File "/home/airflow/.local/lib/python3.8/site-packages/sqlalchemy/future/engine.py", line 412, in connect
    return super(Engine, self).connect()
  File "/home/airflow/.local/lib/python3.8/site-packages/sqlalchemy/engine/base.py", line 3325, in connect
    return self._connection_cls(self, close_with_result=close_with_result)
  File "/home/airflow/.local/lib/python3.8/site-packages/sqlalchemy/engine/base.py", line 96, in __init__
    else engine.raw_connection()
  File "/home/airflow/.local/lib/python3.8/site-packages/sqlalchemy/engine/base.py", line 3404, in raw_connection
    return self._wrap_pool_connect(self.pool.connect, _connection)
  File "/home/airflow/.local/lib/python3.8/site-packages/sqlalchemy/engine/base.py", line 3374, in _wrap_pool_connect
    Connection._handle_dbapi_exception_noconnection(
  File "/home/airflow/.local/lib/python3.8/site-packages/sqlalchemy/engine/base.py", line 2208, in _handle_dbapi_exception_noconnection
    util.raise_(
  File "/home/airflow/.local/lib/python3.8/site-packages/sqlalchemy/util/compat.py", line 211, in raise_
    raise exception
  File "/home/airflow/.local/lib/python3.8/site-packages/sqlalchemy/engine/base.py", line 3371, in _wrap_pool_connect
    return fn()
  File "/home/airflow/.local/lib/python3.8/site-packages/sqlalchemy/pool/base.py", line 327, in connect
    return _ConnectionFairy._checkout(self)
  File "/home/airflow/.local/lib/python3.8/site-packages/sqlalchemy/pool/base.py", line 894, in _checkout
    fairy = _ConnectionRecord.checkout(pool)
  File "/home/airflow/.local/lib/python3.8/site-packages/sqlalchemy/pool/base.py", line 493, in checkout
    rec = pool._do_get()
  File "/home/airflow/.local/lib/python3.8/site-packages/sqlalchemy/pool/impl.py", line 146, in _do_get
    self._dec_overflow()
  File "/home/airflow/.local/lib/python3.8/site-packages/sqlalchemy/util/langhelpers.py", line 70, in __exit__
    compat.raise_(
  File "/home/airflow/.local/lib/python3.8/site-packages/sqlalchemy/util/compat.py", line 211, in raise_
    raise exception
  File "/home/airflow/.local/lib/python3.8/site-packages/sqlalchemy/pool/impl.py", line 143, in _do_get
    return self._create_connection()
  File "/home/airflow/.local/lib/python3.8/site-packages/sqlalchemy/pool/base.py", line 273, in _create_connection
    return _ConnectionRecord(self)
  File "/home/airflow/.local/lib/python3.8/site-packages/sqlalchemy/pool/base.py", line 388, in __init__
    self.__connect()
  File "/home/airflow/.local/lib/python3.8/site-packages/sqlalchemy/pool/base.py", line 691, in __connect
    pool.logger.debug("Error on connect(): %s", e)
  File "/home/airflow/.local/lib/python3.8/site-packages/sqlalchemy/util/langhelpers.py", line 70, in __exit__
    compat.raise_(
  File "/home/airflow/.local/lib/python3.8/site-packages/sqlalchemy/util/compat.py", line 211, in raise_
    raise exception
  File "/home/airflow/.local/lib/python3.8/site-packages/sqlalchemy/pool/base.py", line 686, in __connect
    self.dbapi_connection = connection = pool._invoke_creator(self)
  File "/home/airflow/.local/lib/python3.8/site-packages/sqlalchemy/engine/create.py", line 574, in connect
    return dialect.connect(*cargs, **cparams)
  File "/home/airflow/.local/lib/python3.8/site-packages/sqlalchemy/engine/default.py", line 598, in connect
    return self.dbapi.connect(*cargs, **cparams)
  File "/home/airflow/.local/lib/python3.8/site-packages/psycopg2/__init__.py", line 122, in connect
    conn = _connect(dsn, connection_factory=connection_factory, **kwasync)
sqlalchemy.exc.OperationalError: (psycopg2.OperationalError) could not translate host name "postgres-airflow" to address: Temporary failure in name resolution

(Background on this error at: https://sqlalche.me/e/14/e3q8)
[2026-01-27T14:29:00.406+0000] {processor.py:161} INFO - Started process (PID=39) to work on /opt/airflow/dags/spark_bronze_to_silver_dag.py
[2026-01-27T14:29:00.409+0000] {processor.py:830} INFO - Processing file /opt/airflow/dags/spark_bronze_to_silver_dag.py for tasks to queue
[2026-01-27T14:29:00.422+0000] {logging_mixin.py:188} INFO - [2026-01-27T14:29:00.418+0000] {dagbag.py:538} INFO - Filling up the DagBag from /opt/airflow/dags/spark_bronze_to_silver_dag.py
[2026-01-27T14:29:00.566+0000] {processor.py:840} INFO - DAG(s) 'spark_bronze_to_silver_simple' retrieved from /opt/airflow/dags/spark_bronze_to_silver_dag.py
[2026-01-27T14:29:01.136+0000] {logging_mixin.py:188} INFO - [2026-01-27T14:29:01.136+0000] {dag.py:3036} INFO - Sync 1 DAGs
[2026-01-27T14:29:01.196+0000] {logging_mixin.py:188} INFO - [2026-01-27T14:29:01.195+0000] {dag.py:3823} INFO - Setting next_dagrun for spark_bronze_to_silver_simple to 2026-01-27 13:00:00+00:00, run_after=2026-01-27 14:00:00+00:00
[2026-01-27T14:29:01.233+0000] {processor.py:183} INFO - Processing /opt/airflow/dags/spark_bronze_to_silver_dag.py took 0.847 seconds
[2026-01-27T14:29:31.869+0000] {processor.py:161} INFO - Started process (PID=47) to work on /opt/airflow/dags/spark_bronze_to_silver_dag.py
[2026-01-27T14:29:31.873+0000] {processor.py:830} INFO - Processing file /opt/airflow/dags/spark_bronze_to_silver_dag.py for tasks to queue
[2026-01-27T14:29:31.875+0000] {logging_mixin.py:188} INFO - [2026-01-27T14:29:31.874+0000] {dagbag.py:538} INFO - Filling up the DagBag from /opt/airflow/dags/spark_bronze_to_silver_dag.py
[2026-01-27T14:29:31.915+0000] {processor.py:840} INFO - DAG(s) 'spark_bronze_to_silver_simple' retrieved from /opt/airflow/dags/spark_bronze_to_silver_dag.py
[2026-01-27T14:29:31.946+0000] {logging_mixin.py:188} INFO - [2026-01-27T14:29:31.946+0000] {dag.py:3036} INFO - Sync 1 DAGs
[2026-01-27T14:29:31.971+0000] {logging_mixin.py:188} INFO - [2026-01-27T14:29:31.971+0000] {dag.py:3823} INFO - Setting next_dagrun for spark_bronze_to_silver_simple to 2026-01-27 13:00:00+00:00, run_after=2026-01-27 14:00:00+00:00
[2026-01-27T14:29:31.996+0000] {processor.py:183} INFO - Processing /opt/airflow/dags/spark_bronze_to_silver_dag.py took 0.131 seconds
[2026-01-27T14:30:02.584+0000] {processor.py:161} INFO - Started process (PID=55) to work on /opt/airflow/dags/spark_bronze_to_silver_dag.py
[2026-01-27T14:30:02.585+0000] {processor.py:830} INFO - Processing file /opt/airflow/dags/spark_bronze_to_silver_dag.py for tasks to queue
[2026-01-27T14:30:02.587+0000] {logging_mixin.py:188} INFO - [2026-01-27T14:30:02.587+0000] {dagbag.py:538} INFO - Filling up the DagBag from /opt/airflow/dags/spark_bronze_to_silver_dag.py
[2026-01-27T14:30:02.618+0000] {processor.py:840} INFO - DAG(s) 'spark_bronze_to_silver_simple' retrieved from /opt/airflow/dags/spark_bronze_to_silver_dag.py
[2026-01-27T14:30:02.648+0000] {logging_mixin.py:188} INFO - [2026-01-27T14:30:02.648+0000] {dag.py:3036} INFO - Sync 1 DAGs
[2026-01-27T14:30:02.668+0000] {logging_mixin.py:188} INFO - [2026-01-27T14:30:02.667+0000] {dag.py:3823} INFO - Setting next_dagrun for spark_bronze_to_silver_simple to 2026-01-27 14:00:00+00:00, run_after=2026-01-27 15:00:00+00:00
[2026-01-27T14:30:02.686+0000] {processor.py:183} INFO - Processing /opt/airflow/dags/spark_bronze_to_silver_dag.py took 0.106 seconds
[2026-01-27T14:30:33.226+0000] {processor.py:161} INFO - Started process (PID=63) to work on /opt/airflow/dags/spark_bronze_to_silver_dag.py
[2026-01-27T14:30:33.227+0000] {processor.py:830} INFO - Processing file /opt/airflow/dags/spark_bronze_to_silver_dag.py for tasks to queue
[2026-01-27T14:30:33.228+0000] {logging_mixin.py:188} INFO - [2026-01-27T14:30:33.228+0000] {dagbag.py:538} INFO - Filling up the DagBag from /opt/airflow/dags/spark_bronze_to_silver_dag.py
[2026-01-27T14:30:33.280+0000] {processor.py:840} INFO - DAG(s) 'spark_bronze_to_silver_simple' retrieved from /opt/airflow/dags/spark_bronze_to_silver_dag.py
[2026-01-27T14:30:33.316+0000] {logging_mixin.py:188} INFO - [2026-01-27T14:30:33.316+0000] {dag.py:3036} INFO - Sync 1 DAGs
[2026-01-27T14:30:33.337+0000] {logging_mixin.py:188} INFO - [2026-01-27T14:30:33.337+0000] {dag.py:3823} INFO - Setting next_dagrun for spark_bronze_to_silver_simple to 2026-01-27 14:00:00+00:00, run_after=2026-01-27 15:00:00+00:00
[2026-01-27T14:30:33.362+0000] {processor.py:183} INFO - Processing /opt/airflow/dags/spark_bronze_to_silver_dag.py took 0.140 seconds
[2026-01-27T14:31:03.905+0000] {processor.py:161} INFO - Started process (PID=72) to work on /opt/airflow/dags/spark_bronze_to_silver_dag.py
[2026-01-27T14:31:03.906+0000] {processor.py:830} INFO - Processing file /opt/airflow/dags/spark_bronze_to_silver_dag.py for tasks to queue
[2026-01-27T14:31:03.909+0000] {logging_mixin.py:188} INFO - [2026-01-27T14:31:03.907+0000] {dagbag.py:538} INFO - Filling up the DagBag from /opt/airflow/dags/spark_bronze_to_silver_dag.py
[2026-01-27T14:31:03.986+0000] {processor.py:840} INFO - DAG(s) 'spark_bronze_to_silver_simple' retrieved from /opt/airflow/dags/spark_bronze_to_silver_dag.py
[2026-01-27T14:31:04.107+0000] {logging_mixin.py:188} INFO - [2026-01-27T14:31:04.107+0000] {dag.py:3036} INFO - Sync 1 DAGs
[2026-01-27T14:31:04.134+0000] {logging_mixin.py:188} INFO - [2026-01-27T14:31:04.134+0000] {dag.py:3823} INFO - Setting next_dagrun for spark_bronze_to_silver_simple to 2026-01-27 14:00:00+00:00, run_after=2026-01-27 15:00:00+00:00
[2026-01-27T14:31:04.164+0000] {processor.py:183} INFO - Processing /opt/airflow/dags/spark_bronze_to_silver_dag.py took 0.271 seconds
[2026-01-27T14:31:22.268+0000] {processor.py:161} INFO - Started process (PID=80) to work on /opt/airflow/dags/spark_bronze_to_silver_dag.py
[2026-01-27T14:31:22.270+0000] {processor.py:830} INFO - Processing file /opt/airflow/dags/spark_bronze_to_silver_dag.py for tasks to queue
[2026-01-27T14:31:22.271+0000] {logging_mixin.py:188} INFO - [2026-01-27T14:31:22.271+0000] {dagbag.py:538} INFO - Filling up the DagBag from /opt/airflow/dags/spark_bronze_to_silver_dag.py
[2026-01-27T14:31:22.322+0000] {processor.py:840} INFO - DAG(s) 'spark_bronze_to_silver_simple' retrieved from /opt/airflow/dags/spark_bronze_to_silver_dag.py
[2026-01-27T14:31:22.939+0000] {logging_mixin.py:188} INFO - [2026-01-27T14:31:22.926+0000] {dag.py:3036} INFO - Sync 1 DAGs
[2026-01-27T14:31:23.013+0000] {logging_mixin.py:188} INFO - [2026-01-27T14:31:23.004+0000] {dag.py:3823} INFO - Setting next_dagrun for spark_bronze_to_silver_simple to 2026-01-27 14:00:00+00:00, run_after=2026-01-27 15:00:00+00:00
[2026-01-27T14:31:23.173+0000] {processor.py:183} INFO - Processing /opt/airflow/dags/spark_bronze_to_silver_dag.py took 0.911 seconds
[2026-01-27T14:31:55.192+0000] {processor.py:161} INFO - Started process (PID=29) to work on /opt/airflow/dags/spark_bronze_to_silver_dag.py
[2026-01-27T14:31:55.193+0000] {processor.py:830} INFO - Processing file /opt/airflow/dags/spark_bronze_to_silver_dag.py for tasks to queue
[2026-01-27T14:31:55.194+0000] {logging_mixin.py:188} INFO - [2026-01-27T14:31:55.194+0000] {dagbag.py:538} INFO - Filling up the DagBag from /opt/airflow/dags/spark_bronze_to_silver_dag.py
[2026-01-27T14:31:55.240+0000] {processor.py:840} INFO - DAG(s) 'spark_bronze_to_silver_simple' retrieved from /opt/airflow/dags/spark_bronze_to_silver_dag.py
[2026-01-27T14:31:55.260+0000] {logging_mixin.py:188} INFO - [2026-01-27T14:31:55.260+0000] {dag.py:3036} INFO - Sync 1 DAGs
[2026-01-27T14:31:55.286+0000] {logging_mixin.py:188} INFO - [2026-01-27T14:31:55.285+0000] {dag.py:3823} INFO - Setting next_dagrun for spark_bronze_to_silver_simple to 2026-01-27 14:00:00+00:00, run_after=2026-01-27 15:00:00+00:00
[2026-01-27T14:31:55.308+0000] {processor.py:183} INFO - Processing /opt/airflow/dags/spark_bronze_to_silver_dag.py took 0.118 seconds
[2026-01-27T14:32:33.578+0000] {processor.py:161} INFO - Started process (PID=37) to work on /opt/airflow/dags/spark_bronze_to_silver_dag.py
[2026-01-27T14:32:33.580+0000] {processor.py:830} INFO - Processing file /opt/airflow/dags/spark_bronze_to_silver_dag.py for tasks to queue
[2026-01-27T14:32:33.588+0000] {logging_mixin.py:188} INFO - [2026-01-27T14:32:33.585+0000] {dagbag.py:538} INFO - Filling up the DagBag from /opt/airflow/dags/spark_bronze_to_silver_dag.py
[2026-01-27T14:32:33.837+0000] {processor.py:840} INFO - DAG(s) 'spark_bronze_to_silver_simple' retrieved from /opt/airflow/dags/spark_bronze_to_silver_dag.py
[2026-01-27T14:33:06.754+0000] {processor.py:186} ERROR - Got an exception! Propagating...
Traceback (most recent call last):
  File "/home/airflow/.local/lib/python3.8/site-packages/sqlalchemy/engine/base.py", line 3371, in _wrap_pool_connect
    return fn()
  File "/home/airflow/.local/lib/python3.8/site-packages/sqlalchemy/pool/base.py", line 327, in connect
    return _ConnectionFairy._checkout(self)
  File "/home/airflow/.local/lib/python3.8/site-packages/sqlalchemy/pool/base.py", line 894, in _checkout
    fairy = _ConnectionRecord.checkout(pool)
  File "/home/airflow/.local/lib/python3.8/site-packages/sqlalchemy/pool/base.py", line 493, in checkout
    rec = pool._do_get()
  File "/home/airflow/.local/lib/python3.8/site-packages/sqlalchemy/pool/impl.py", line 146, in _do_get
    self._dec_overflow()
  File "/home/airflow/.local/lib/python3.8/site-packages/sqlalchemy/util/langhelpers.py", line 70, in __exit__
    compat.raise_(
  File "/home/airflow/.local/lib/python3.8/site-packages/sqlalchemy/util/compat.py", line 211, in raise_
    raise exception
  File "/home/airflow/.local/lib/python3.8/site-packages/sqlalchemy/pool/impl.py", line 143, in _do_get
    return self._create_connection()
  File "/home/airflow/.local/lib/python3.8/site-packages/sqlalchemy/pool/base.py", line 273, in _create_connection
    return _ConnectionRecord(self)
  File "/home/airflow/.local/lib/python3.8/site-packages/sqlalchemy/pool/base.py", line 388, in __init__
    self.__connect()
  File "/home/airflow/.local/lib/python3.8/site-packages/sqlalchemy/pool/base.py", line 691, in __connect
    pool.logger.debug("Error on connect(): %s", e)
  File "/home/airflow/.local/lib/python3.8/site-packages/sqlalchemy/util/langhelpers.py", line 70, in __exit__
    compat.raise_(
  File "/home/airflow/.local/lib/python3.8/site-packages/sqlalchemy/util/compat.py", line 211, in raise_
    raise exception
  File "/home/airflow/.local/lib/python3.8/site-packages/sqlalchemy/pool/base.py", line 686, in __connect
    self.dbapi_connection = connection = pool._invoke_creator(self)
  File "/home/airflow/.local/lib/python3.8/site-packages/sqlalchemy/engine/create.py", line 574, in connect
    return dialect.connect(*cargs, **cparams)
  File "/home/airflow/.local/lib/python3.8/site-packages/sqlalchemy/engine/default.py", line 598, in connect
    return self.dbapi.connect(*cargs, **cparams)
  File "/home/airflow/.local/lib/python3.8/site-packages/psycopg2/__init__.py", line 122, in connect
    conn = _connect(dsn, connection_factory=connection_factory, **kwasync)
psycopg2.OperationalError: could not translate host name "postgres-airflow" to address: Temporary failure in name resolution


The above exception was the direct cause of the following exception:

Traceback (most recent call last):
  File "/home/airflow/.local/lib/python3.8/site-packages/airflow/dag_processing/processor.py", line 182, in _run_file_processor
    _handle_dag_file_processing()
  File "/home/airflow/.local/lib/python3.8/site-packages/airflow/dag_processing/processor.py", line 163, in _handle_dag_file_processing
    result: tuple[int, int] = dag_file_processor.process_file(
  File "/home/airflow/.local/lib/python3.8/site-packages/airflow/utils/session.py", line 79, in wrapper
    return func(*args, session=session, **kwargs)
  File "/home/airflow/.local/lib/python3.8/site-packages/airflow/dag_processing/processor.py", line 859, in process_file
    serialize_errors = DagFileProcessor.save_dag_to_db(
  File "/home/airflow/.local/lib/python3.8/site-packages/airflow/api_internal/internal_api_call.py", line 114, in wrapper
    return func(*args, **kwargs)
  File "/home/airflow/.local/lib/python3.8/site-packages/airflow/utils/session.py", line 79, in wrapper
    return func(*args, session=session, **kwargs)
  File "/home/airflow/.local/lib/python3.8/site-packages/airflow/dag_processing/processor.py", line 895, in save_dag_to_db
    import_errors = DagBag._sync_to_db(dags=dags, processor_subdir=dag_directory, session=session)
  File "/home/airflow/.local/lib/python3.8/site-packages/airflow/utils/session.py", line 76, in wrapper
    return func(*args, **kwargs)
  File "/home/airflow/.local/lib/python3.8/site-packages/airflow/models/dagbag.py", line 657, in _sync_to_db
    for attempt in run_with_db_retries(logger=log):
  File "/home/airflow/.local/lib/python3.8/site-packages/tenacity/__init__.py", line 347, in __iter__
    do = self.iter(retry_state=retry_state)
  File "/home/airflow/.local/lib/python3.8/site-packages/tenacity/__init__.py", line 325, in iter
    raise retry_exc.reraise()
  File "/home/airflow/.local/lib/python3.8/site-packages/tenacity/__init__.py", line 158, in reraise
    raise self.last_attempt.result()
  File "/usr/local/lib/python3.8/concurrent/futures/_base.py", line 437, in result
    return self.__get_result()
  File "/usr/local/lib/python3.8/concurrent/futures/_base.py", line 389, in __get_result
    raise self._exception
  File "/home/airflow/.local/lib/python3.8/site-packages/airflow/models/dagbag.py", line 670, in _sync_to_db
    _serialize_dag_capturing_errors(dag, session, processor_subdir)
  File "/home/airflow/.local/lib/python3.8/site-packages/airflow/models/dagbag.py", line 635, in _serialize_dag_capturing_errors
    dag_was_updated = SerializedDagModel.write_dag(
  File "/home/airflow/.local/lib/python3.8/site-packages/airflow/utils/session.py", line 76, in wrapper
    return func(*args, **kwargs)
  File "/home/airflow/.local/lib/python3.8/site-packages/airflow/models/serialized_dag.py", line 157, in write_dag
    if session.scalar(
  File "/home/airflow/.local/lib/python3.8/site-packages/sqlalchemy/orm/session.py", line 1747, in scalar
    return self.execute(
  File "/home/airflow/.local/lib/python3.8/site-packages/sqlalchemy/orm/session.py", line 1716, in execute
    conn = self._connection_for_bind(bind)
  File "/home/airflow/.local/lib/python3.8/site-packages/sqlalchemy/orm/session.py", line 1555, in _connection_for_bind
    return self._transaction._connection_for_bind(
  File "/home/airflow/.local/lib/python3.8/site-packages/sqlalchemy/orm/session.py", line 750, in _connection_for_bind
    conn = bind.connect()
  File "/home/airflow/.local/lib/python3.8/site-packages/sqlalchemy/future/engine.py", line 412, in connect
    return super(Engine, self).connect()
  File "/home/airflow/.local/lib/python3.8/site-packages/sqlalchemy/engine/base.py", line 3325, in connect
    return self._connection_cls(self, close_with_result=close_with_result)
  File "/home/airflow/.local/lib/python3.8/site-packages/sqlalchemy/engine/base.py", line 96, in __init__
    else engine.raw_connection()
  File "/home/airflow/.local/lib/python3.8/site-packages/sqlalchemy/engine/base.py", line 3404, in raw_connection
    return self._wrap_pool_connect(self.pool.connect, _connection)
  File "/home/airflow/.local/lib/python3.8/site-packages/sqlalchemy/engine/base.py", line 3374, in _wrap_pool_connect
    Connection._handle_dbapi_exception_noconnection(
  File "/home/airflow/.local/lib/python3.8/site-packages/sqlalchemy/engine/base.py", line 2208, in _handle_dbapi_exception_noconnection
    util.raise_(
  File "/home/airflow/.local/lib/python3.8/site-packages/sqlalchemy/util/compat.py", line 211, in raise_
    raise exception
  File "/home/airflow/.local/lib/python3.8/site-packages/sqlalchemy/engine/base.py", line 3371, in _wrap_pool_connect
    return fn()
  File "/home/airflow/.local/lib/python3.8/site-packages/sqlalchemy/pool/base.py", line 327, in connect
    return _ConnectionFairy._checkout(self)
  File "/home/airflow/.local/lib/python3.8/site-packages/sqlalchemy/pool/base.py", line 894, in _checkout
    fairy = _ConnectionRecord.checkout(pool)
  File "/home/airflow/.local/lib/python3.8/site-packages/sqlalchemy/pool/base.py", line 493, in checkout
    rec = pool._do_get()
  File "/home/airflow/.local/lib/python3.8/site-packages/sqlalchemy/pool/impl.py", line 146, in _do_get
    self._dec_overflow()
  File "/home/airflow/.local/lib/python3.8/site-packages/sqlalchemy/util/langhelpers.py", line 70, in __exit__
    compat.raise_(
  File "/home/airflow/.local/lib/python3.8/site-packages/sqlalchemy/util/compat.py", line 211, in raise_
    raise exception
  File "/home/airflow/.local/lib/python3.8/site-packages/sqlalchemy/pool/impl.py", line 143, in _do_get
    return self._create_connection()
  File "/home/airflow/.local/lib/python3.8/site-packages/sqlalchemy/pool/base.py", line 273, in _create_connection
    return _ConnectionRecord(self)
  File "/home/airflow/.local/lib/python3.8/site-packages/sqlalchemy/pool/base.py", line 388, in __init__
    self.__connect()
  File "/home/airflow/.local/lib/python3.8/site-packages/sqlalchemy/pool/base.py", line 691, in __connect
    pool.logger.debug("Error on connect(): %s", e)
  File "/home/airflow/.local/lib/python3.8/site-packages/sqlalchemy/util/langhelpers.py", line 70, in __exit__
    compat.raise_(
  File "/home/airflow/.local/lib/python3.8/site-packages/sqlalchemy/util/compat.py", line 211, in raise_
    raise exception
  File "/home/airflow/.local/lib/python3.8/site-packages/sqlalchemy/pool/base.py", line 686, in __connect
    self.dbapi_connection = connection = pool._invoke_creator(self)
  File "/home/airflow/.local/lib/python3.8/site-packages/sqlalchemy/engine/create.py", line 574, in connect
    return dialect.connect(*cargs, **cparams)
  File "/home/airflow/.local/lib/python3.8/site-packages/sqlalchemy/engine/default.py", line 598, in connect
    return self.dbapi.connect(*cargs, **cparams)
  File "/home/airflow/.local/lib/python3.8/site-packages/psycopg2/__init__.py", line 122, in connect
    conn = _connect(dsn, connection_factory=connection_factory, **kwasync)
sqlalchemy.exc.OperationalError: (psycopg2.OperationalError) could not translate host name "postgres-airflow" to address: Temporary failure in name resolution

(Background on this error at: https://sqlalche.me/e/14/e3q8)
[2026-01-27T14:36:25.323+0000] {processor.py:161} INFO - Started process (PID=38) to work on /opt/airflow/dags/spark_bronze_to_silver_dag.py
[2026-01-27T14:36:25.944+0000] {processor.py:830} INFO - Processing file /opt/airflow/dags/spark_bronze_to_silver_dag.py for tasks to queue
[2026-01-27T14:36:28.123+0000] {logging_mixin.py:188} INFO - [2026-01-27T14:36:27.855+0000] {dagbag.py:538} INFO - Filling up the DagBag from /opt/airflow/dags/spark_bronze_to_silver_dag.py
[2026-01-27T20:53:18.779+0000] {processor.py:161} INFO - Started process (PID=29) to work on /opt/airflow/dags/spark_bronze_to_silver_dag.py
[2026-01-27T20:53:18.782+0000] {processor.py:830} INFO - Processing file /opt/airflow/dags/spark_bronze_to_silver_dag.py for tasks to queue
[2026-01-27T20:53:18.790+0000] {logging_mixin.py:188} INFO - [2026-01-27T20:53:18.787+0000] {dagbag.py:538} INFO - Filling up the DagBag from /opt/airflow/dags/spark_bronze_to_silver_dag.py
[2026-01-27T20:53:18.880+0000] {processor.py:840} INFO - DAG(s) 'spark_bronze_to_silver_simple' retrieved from /opt/airflow/dags/spark_bronze_to_silver_dag.py
[2026-01-27T20:53:18.971+0000] {logging_mixin.py:188} INFO - [2026-01-27T20:53:18.967+0000] {dag.py:3036} INFO - Sync 1 DAGs
[2026-01-27T20:53:19.071+0000] {logging_mixin.py:188} INFO - [2026-01-27T20:53:19.071+0000] {dag.py:3823} INFO - Setting next_dagrun for spark_bronze_to_silver_simple to 2026-01-27 20:00:00+00:00, run_after=2026-01-27 21:00:00+00:00
[2026-01-27T20:53:19.331+0000] {processor.py:183} INFO - Processing /opt/airflow/dags/spark_bronze_to_silver_dag.py took 0.561 seconds
[2026-01-27T20:53:50.008+0000] {processor.py:161} INFO - Started process (PID=41) to work on /opt/airflow/dags/spark_bronze_to_silver_dag.py
[2026-01-27T20:53:50.009+0000] {processor.py:830} INFO - Processing file /opt/airflow/dags/spark_bronze_to_silver_dag.py for tasks to queue
[2026-01-27T20:53:50.014+0000] {logging_mixin.py:188} INFO - [2026-01-27T20:53:50.012+0000] {dagbag.py:538} INFO - Filling up the DagBag from /opt/airflow/dags/spark_bronze_to_silver_dag.py
[2026-01-27T20:53:50.098+0000] {processor.py:840} INFO - DAG(s) 'spark_bronze_to_silver_simple' retrieved from /opt/airflow/dags/spark_bronze_to_silver_dag.py
[2026-01-27T20:53:50.401+0000] {logging_mixin.py:188} INFO - [2026-01-27T20:53:50.401+0000] {dag.py:3036} INFO - Sync 1 DAGs
[2026-01-27T20:53:50.462+0000] {logging_mixin.py:188} INFO - [2026-01-27T20:53:50.462+0000] {dag.py:3823} INFO - Setting next_dagrun for spark_bronze_to_silver_simple to 2026-01-27 20:00:00+00:00, run_after=2026-01-27 21:00:00+00:00
[2026-01-27T20:53:50.506+0000] {processor.py:183} INFO - Processing /opt/airflow/dags/spark_bronze_to_silver_dag.py took 0.502 seconds
[2026-01-27T20:54:21.476+0000] {processor.py:161} INFO - Started process (PID=49) to work on /opt/airflow/dags/spark_bronze_to_silver_dag.py
[2026-01-27T20:54:21.479+0000] {processor.py:830} INFO - Processing file /opt/airflow/dags/spark_bronze_to_silver_dag.py for tasks to queue
[2026-01-27T20:54:21.488+0000] {logging_mixin.py:188} INFO - [2026-01-27T20:54:21.487+0000] {dagbag.py:538} INFO - Filling up the DagBag from /opt/airflow/dags/spark_bronze_to_silver_dag.py
[2026-01-27T20:54:21.552+0000] {processor.py:840} INFO - DAG(s) 'spark_bronze_to_silver_simple' retrieved from /opt/airflow/dags/spark_bronze_to_silver_dag.py
[2026-01-27T20:54:21.621+0000] {logging_mixin.py:188} INFO - [2026-01-27T20:54:21.621+0000] {dag.py:3036} INFO - Sync 1 DAGs
[2026-01-27T20:54:21.656+0000] {logging_mixin.py:188} INFO - [2026-01-27T20:54:21.656+0000] {dag.py:3823} INFO - Setting next_dagrun for spark_bronze_to_silver_simple to 2026-01-27 20:00:00+00:00, run_after=2026-01-27 21:00:00+00:00
[2026-01-27T20:54:21.684+0000] {processor.py:183} INFO - Processing /opt/airflow/dags/spark_bronze_to_silver_dag.py took 0.220 seconds
[2026-01-27T20:54:51.793+0000] {processor.py:161} INFO - Started process (PID=57) to work on /opt/airflow/dags/spark_bronze_to_silver_dag.py
[2026-01-27T20:54:51.794+0000] {processor.py:830} INFO - Processing file /opt/airflow/dags/spark_bronze_to_silver_dag.py for tasks to queue
[2026-01-27T20:54:51.797+0000] {logging_mixin.py:188} INFO - [2026-01-27T20:54:51.797+0000] {dagbag.py:538} INFO - Filling up the DagBag from /opt/airflow/dags/spark_bronze_to_silver_dag.py
[2026-01-27T20:54:51.836+0000] {processor.py:840} INFO - DAG(s) 'spark_bronze_to_silver_simple' retrieved from /opt/airflow/dags/spark_bronze_to_silver_dag.py
[2026-01-27T20:54:51.868+0000] {logging_mixin.py:188} INFO - [2026-01-27T20:54:51.867+0000] {dag.py:3036} INFO - Sync 1 DAGs
[2026-01-27T20:54:51.889+0000] {logging_mixin.py:188} INFO - [2026-01-27T20:54:51.889+0000] {dag.py:3823} INFO - Setting next_dagrun for spark_bronze_to_silver_simple to 2026-01-27 20:00:00+00:00, run_after=2026-01-27 21:00:00+00:00
[2026-01-27T20:54:51.909+0000] {processor.py:183} INFO - Processing /opt/airflow/dags/spark_bronze_to_silver_dag.py took 0.119 seconds
[2026-01-27T20:55:22.015+0000] {processor.py:161} INFO - Started process (PID=65) to work on /opt/airflow/dags/spark_bronze_to_silver_dag.py
[2026-01-27T20:55:22.020+0000] {processor.py:830} INFO - Processing file /opt/airflow/dags/spark_bronze_to_silver_dag.py for tasks to queue
[2026-01-27T20:55:22.024+0000] {logging_mixin.py:188} INFO - [2026-01-27T20:55:22.023+0000] {dagbag.py:538} INFO - Filling up the DagBag from /opt/airflow/dags/spark_bronze_to_silver_dag.py
[2026-01-27T20:55:22.064+0000] {processor.py:840} INFO - DAG(s) 'spark_bronze_to_silver_simple' retrieved from /opt/airflow/dags/spark_bronze_to_silver_dag.py
[2026-01-27T20:55:22.091+0000] {logging_mixin.py:188} INFO - [2026-01-27T20:55:22.091+0000] {dag.py:3036} INFO - Sync 1 DAGs
[2026-01-27T20:55:22.109+0000] {logging_mixin.py:188} INFO - [2026-01-27T20:55:22.109+0000] {dag.py:3823} INFO - Setting next_dagrun for spark_bronze_to_silver_simple to 2026-01-27 20:00:00+00:00, run_after=2026-01-27 21:00:00+00:00
[2026-01-27T20:55:22.129+0000] {processor.py:183} INFO - Processing /opt/airflow/dags/spark_bronze_to_silver_dag.py took 0.118 seconds
[2026-01-27T20:55:52.195+0000] {processor.py:161} INFO - Started process (PID=73) to work on /opt/airflow/dags/spark_bronze_to_silver_dag.py
[2026-01-27T20:55:52.196+0000] {processor.py:830} INFO - Processing file /opt/airflow/dags/spark_bronze_to_silver_dag.py for tasks to queue
[2026-01-27T20:55:52.203+0000] {logging_mixin.py:188} INFO - [2026-01-27T20:55:52.202+0000] {dagbag.py:538} INFO - Filling up the DagBag from /opt/airflow/dags/spark_bronze_to_silver_dag.py
[2026-01-27T20:55:52.245+0000] {processor.py:840} INFO - DAG(s) 'spark_bronze_to_silver_simple' retrieved from /opt/airflow/dags/spark_bronze_to_silver_dag.py
[2026-01-27T20:55:52.272+0000] {logging_mixin.py:188} INFO - [2026-01-27T20:55:52.272+0000] {dag.py:3036} INFO - Sync 1 DAGs
[2026-01-27T20:55:52.310+0000] {logging_mixin.py:188} INFO - [2026-01-27T20:55:52.310+0000] {dag.py:3823} INFO - Setting next_dagrun for spark_bronze_to_silver_simple to 2026-01-27 20:00:00+00:00, run_after=2026-01-27 21:00:00+00:00
[2026-01-27T20:55:52.339+0000] {processor.py:183} INFO - Processing /opt/airflow/dags/spark_bronze_to_silver_dag.py took 0.149 seconds
[2026-01-27T20:56:22.381+0000] {processor.py:161} INFO - Started process (PID=81) to work on /opt/airflow/dags/spark_bronze_to_silver_dag.py
[2026-01-27T20:56:22.382+0000] {processor.py:830} INFO - Processing file /opt/airflow/dags/spark_bronze_to_silver_dag.py for tasks to queue
[2026-01-27T20:56:22.402+0000] {logging_mixin.py:188} INFO - [2026-01-27T20:56:22.402+0000] {dagbag.py:538} INFO - Filling up the DagBag from /opt/airflow/dags/spark_bronze_to_silver_dag.py
[2026-01-27T20:56:22.484+0000] {processor.py:840} INFO - DAG(s) 'spark_bronze_to_silver_simple' retrieved from /opt/airflow/dags/spark_bronze_to_silver_dag.py
[2026-01-27T20:56:22.517+0000] {logging_mixin.py:188} INFO - [2026-01-27T20:56:22.517+0000] {dag.py:3036} INFO - Sync 1 DAGs
[2026-01-27T20:56:22.537+0000] {logging_mixin.py:188} INFO - [2026-01-27T20:56:22.537+0000] {dag.py:3823} INFO - Setting next_dagrun for spark_bronze_to_silver_simple to 2026-01-27 20:00:00+00:00, run_after=2026-01-27 21:00:00+00:00
[2026-01-27T20:56:22.557+0000] {processor.py:183} INFO - Processing /opt/airflow/dags/spark_bronze_to_silver_dag.py took 0.178 seconds
[2026-01-27T20:56:52.673+0000] {processor.py:161} INFO - Started process (PID=89) to work on /opt/airflow/dags/spark_bronze_to_silver_dag.py
[2026-01-27T20:56:52.676+0000] {processor.py:830} INFO - Processing file /opt/airflow/dags/spark_bronze_to_silver_dag.py for tasks to queue
[2026-01-27T20:56:52.682+0000] {logging_mixin.py:188} INFO - [2026-01-27T20:56:52.682+0000] {dagbag.py:538} INFO - Filling up the DagBag from /opt/airflow/dags/spark_bronze_to_silver_dag.py
[2026-01-27T20:56:52.742+0000] {processor.py:840} INFO - DAG(s) 'spark_bronze_to_silver_simple' retrieved from /opt/airflow/dags/spark_bronze_to_silver_dag.py
[2026-01-27T20:56:52.789+0000] {logging_mixin.py:188} INFO - [2026-01-27T20:56:52.788+0000] {dag.py:3036} INFO - Sync 1 DAGs
[2026-01-27T20:56:52.808+0000] {logging_mixin.py:188} INFO - [2026-01-27T20:56:52.808+0000] {dag.py:3823} INFO - Setting next_dagrun for spark_bronze_to_silver_simple to 2026-01-27 20:00:00+00:00, run_after=2026-01-27 21:00:00+00:00
[2026-01-27T20:56:52.828+0000] {processor.py:183} INFO - Processing /opt/airflow/dags/spark_bronze_to_silver_dag.py took 0.176 seconds
[2026-01-27T20:57:22.933+0000] {processor.py:161} INFO - Started process (PID=97) to work on /opt/airflow/dags/spark_bronze_to_silver_dag.py
[2026-01-27T20:57:22.935+0000] {processor.py:830} INFO - Processing file /opt/airflow/dags/spark_bronze_to_silver_dag.py for tasks to queue
[2026-01-27T20:57:22.945+0000] {logging_mixin.py:188} INFO - [2026-01-27T20:57:22.944+0000] {dagbag.py:538} INFO - Filling up the DagBag from /opt/airflow/dags/spark_bronze_to_silver_dag.py
[2026-01-27T20:57:23.006+0000] {processor.py:840} INFO - DAG(s) 'spark_bronze_to_silver_simple' retrieved from /opt/airflow/dags/spark_bronze_to_silver_dag.py
[2026-01-27T20:57:23.044+0000] {logging_mixin.py:188} INFO - [2026-01-27T20:57:23.044+0000] {dag.py:3036} INFO - Sync 1 DAGs
[2026-01-27T20:57:23.073+0000] {logging_mixin.py:188} INFO - [2026-01-27T20:57:23.073+0000] {dag.py:3823} INFO - Setting next_dagrun for spark_bronze_to_silver_simple to 2026-01-27 20:00:00+00:00, run_after=2026-01-27 21:00:00+00:00
[2026-01-27T20:57:23.101+0000] {processor.py:183} INFO - Processing /opt/airflow/dags/spark_bronze_to_silver_dag.py took 0.178 seconds
[2026-01-27T20:57:53.932+0000] {processor.py:161} INFO - Started process (PID=105) to work on /opt/airflow/dags/spark_bronze_to_silver_dag.py
[2026-01-27T20:57:53.934+0000] {processor.py:830} INFO - Processing file /opt/airflow/dags/spark_bronze_to_silver_dag.py for tasks to queue
[2026-01-27T20:57:53.936+0000] {logging_mixin.py:188} INFO - [2026-01-27T20:57:53.936+0000] {dagbag.py:538} INFO - Filling up the DagBag from /opt/airflow/dags/spark_bronze_to_silver_dag.py
[2026-01-27T20:57:53.981+0000] {processor.py:840} INFO - DAG(s) 'spark_bronze_to_silver_simple' retrieved from /opt/airflow/dags/spark_bronze_to_silver_dag.py
[2026-01-27T20:57:54.008+0000] {logging_mixin.py:188} INFO - [2026-01-27T20:57:54.008+0000] {dag.py:3036} INFO - Sync 1 DAGs
[2026-01-27T20:57:54.029+0000] {logging_mixin.py:188} INFO - [2026-01-27T20:57:54.029+0000] {dag.py:3823} INFO - Setting next_dagrun for spark_bronze_to_silver_simple to 2026-01-27 20:00:00+00:00, run_after=2026-01-27 21:00:00+00:00
[2026-01-27T20:57:54.049+0000] {processor.py:183} INFO - Processing /opt/airflow/dags/spark_bronze_to_silver_dag.py took 0.120 seconds
[2026-01-27T20:58:25.005+0000] {processor.py:161} INFO - Started process (PID=106) to work on /opt/airflow/dags/spark_bronze_to_silver_dag.py
[2026-01-27T20:58:25.011+0000] {processor.py:830} INFO - Processing file /opt/airflow/dags/spark_bronze_to_silver_dag.py for tasks to queue
[2026-01-27T20:58:25.019+0000] {logging_mixin.py:188} INFO - [2026-01-27T20:58:25.018+0000] {dagbag.py:538} INFO - Filling up the DagBag from /opt/airflow/dags/spark_bronze_to_silver_dag.py
[2026-01-27T20:58:25.089+0000] {processor.py:840} INFO - DAG(s) 'spark_bronze_to_silver_simple' retrieved from /opt/airflow/dags/spark_bronze_to_silver_dag.py
[2026-01-27T20:58:25.117+0000] {logging_mixin.py:188} INFO - [2026-01-27T20:58:25.117+0000] {dag.py:3036} INFO - Sync 1 DAGs
[2026-01-27T20:58:25.136+0000] {logging_mixin.py:188} INFO - [2026-01-27T20:58:25.136+0000] {dag.py:3823} INFO - Setting next_dagrun for spark_bronze_to_silver_simple to 2026-01-27 20:00:00+00:00, run_after=2026-01-27 21:00:00+00:00
[2026-01-27T20:58:25.153+0000] {processor.py:183} INFO - Processing /opt/airflow/dags/spark_bronze_to_silver_dag.py took 0.152 seconds
[2026-01-27T20:58:56.118+0000] {processor.py:161} INFO - Started process (PID=114) to work on /opt/airflow/dags/spark_bronze_to_silver_dag.py
[2026-01-27T20:58:56.120+0000] {processor.py:830} INFO - Processing file /opt/airflow/dags/spark_bronze_to_silver_dag.py for tasks to queue
[2026-01-27T20:58:56.124+0000] {logging_mixin.py:188} INFO - [2026-01-27T20:58:56.123+0000] {dagbag.py:538} INFO - Filling up the DagBag from /opt/airflow/dags/spark_bronze_to_silver_dag.py
[2026-01-27T20:58:56.215+0000] {processor.py:840} INFO - DAG(s) 'spark_bronze_to_silver_simple' retrieved from /opt/airflow/dags/spark_bronze_to_silver_dag.py
[2026-01-27T20:58:56.255+0000] {logging_mixin.py:188} INFO - [2026-01-27T20:58:56.255+0000] {dag.py:3036} INFO - Sync 1 DAGs
[2026-01-27T20:58:56.287+0000] {logging_mixin.py:188} INFO - [2026-01-27T20:58:56.287+0000] {dag.py:3823} INFO - Setting next_dagrun for spark_bronze_to_silver_simple to 2026-01-27 20:00:00+00:00, run_after=2026-01-27 21:00:00+00:00
[2026-01-27T20:58:56.308+0000] {processor.py:183} INFO - Processing /opt/airflow/dags/spark_bronze_to_silver_dag.py took 0.195 seconds
[2026-01-27T20:59:26.353+0000] {processor.py:161} INFO - Started process (PID=122) to work on /opt/airflow/dags/spark_bronze_to_silver_dag.py
[2026-01-27T20:59:26.354+0000] {processor.py:830} INFO - Processing file /opt/airflow/dags/spark_bronze_to_silver_dag.py for tasks to queue
[2026-01-27T20:59:26.356+0000] {logging_mixin.py:188} INFO - [2026-01-27T20:59:26.356+0000] {dagbag.py:538} INFO - Filling up the DagBag from /opt/airflow/dags/spark_bronze_to_silver_dag.py
[2026-01-27T20:59:26.377+0000] {processor.py:840} INFO - DAG(s) 'spark_bronze_to_silver_simple' retrieved from /opt/airflow/dags/spark_bronze_to_silver_dag.py
[2026-01-27T20:59:26.401+0000] {logging_mixin.py:188} INFO - [2026-01-27T20:59:26.401+0000] {dag.py:3036} INFO - Sync 1 DAGs
[2026-01-27T20:59:26.452+0000] {logging_mixin.py:188} INFO - [2026-01-27T20:59:26.452+0000] {dag.py:3823} INFO - Setting next_dagrun for spark_bronze_to_silver_simple to 2026-01-27 20:00:00+00:00, run_after=2026-01-27 21:00:00+00:00
[2026-01-27T20:59:26.498+0000] {processor.py:183} INFO - Processing /opt/airflow/dags/spark_bronze_to_silver_dag.py took 0.150 seconds
[2026-01-27T20:59:57.404+0000] {processor.py:161} INFO - Started process (PID=130) to work on /opt/airflow/dags/spark_bronze_to_silver_dag.py
[2026-01-27T20:59:57.405+0000] {processor.py:830} INFO - Processing file /opt/airflow/dags/spark_bronze_to_silver_dag.py for tasks to queue
[2026-01-27T20:59:57.409+0000] {logging_mixin.py:188} INFO - [2026-01-27T20:59:57.408+0000] {dagbag.py:538} INFO - Filling up the DagBag from /opt/airflow/dags/spark_bronze_to_silver_dag.py
[2026-01-27T20:59:57.460+0000] {processor.py:840} INFO - DAG(s) 'spark_bronze_to_silver_simple' retrieved from /opt/airflow/dags/spark_bronze_to_silver_dag.py
[2026-01-27T20:59:57.489+0000] {logging_mixin.py:188} INFO - [2026-01-27T20:59:57.489+0000] {dag.py:3036} INFO - Sync 1 DAGs
[2026-01-27T20:59:57.512+0000] {logging_mixin.py:188} INFO - [2026-01-27T20:59:57.512+0000] {dag.py:3823} INFO - Setting next_dagrun for spark_bronze_to_silver_simple to 2026-01-27 20:00:00+00:00, run_after=2026-01-27 21:00:00+00:00
[2026-01-27T20:59:57.532+0000] {processor.py:183} INFO - Processing /opt/airflow/dags/spark_bronze_to_silver_dag.py took 0.135 seconds
[2026-01-27T21:00:28.521+0000] {processor.py:161} INFO - Started process (PID=137) to work on /opt/airflow/dags/spark_bronze_to_silver_dag.py
[2026-01-27T21:00:28.522+0000] {processor.py:830} INFO - Processing file /opt/airflow/dags/spark_bronze_to_silver_dag.py for tasks to queue
[2026-01-27T21:00:28.524+0000] {logging_mixin.py:188} INFO - [2026-01-27T21:00:28.524+0000] {dagbag.py:538} INFO - Filling up the DagBag from /opt/airflow/dags/spark_bronze_to_silver_dag.py
[2026-01-27T21:00:28.559+0000] {processor.py:840} INFO - DAG(s) 'spark_bronze_to_silver_simple' retrieved from /opt/airflow/dags/spark_bronze_to_silver_dag.py
[2026-01-27T21:00:28.583+0000] {logging_mixin.py:188} INFO - [2026-01-27T21:00:28.583+0000] {dag.py:3036} INFO - Sync 1 DAGs
[2026-01-27T21:00:28.602+0000] {logging_mixin.py:188} INFO - [2026-01-27T21:00:28.602+0000] {dag.py:3823} INFO - Setting next_dagrun for spark_bronze_to_silver_simple to 2026-01-27 21:00:00+00:00, run_after=2026-01-27 22:00:00+00:00
[2026-01-27T21:00:28.621+0000] {processor.py:183} INFO - Processing /opt/airflow/dags/spark_bronze_to_silver_dag.py took 0.103 seconds
[2026-01-27T21:00:59.524+0000] {processor.py:161} INFO - Started process (PID=145) to work on /opt/airflow/dags/spark_bronze_to_silver_dag.py
[2026-01-27T21:00:59.525+0000] {processor.py:830} INFO - Processing file /opt/airflow/dags/spark_bronze_to_silver_dag.py for tasks to queue
[2026-01-27T21:00:59.528+0000] {logging_mixin.py:188} INFO - [2026-01-27T21:00:59.527+0000] {dagbag.py:538} INFO - Filling up the DagBag from /opt/airflow/dags/spark_bronze_to_silver_dag.py
[2026-01-27T21:00:59.564+0000] {processor.py:840} INFO - DAG(s) 'spark_bronze_to_silver_simple' retrieved from /opt/airflow/dags/spark_bronze_to_silver_dag.py
[2026-01-27T21:00:59.597+0000] {logging_mixin.py:188} INFO - [2026-01-27T21:00:59.596+0000] {dag.py:3036} INFO - Sync 1 DAGs
[2026-01-27T21:00:59.618+0000] {logging_mixin.py:188} INFO - [2026-01-27T21:00:59.618+0000] {dag.py:3823} INFO - Setting next_dagrun for spark_bronze_to_silver_simple to 2026-01-27 21:00:00+00:00, run_after=2026-01-27 22:00:00+00:00
[2026-01-27T21:00:59.644+0000] {processor.py:183} INFO - Processing /opt/airflow/dags/spark_bronze_to_silver_dag.py took 0.124 seconds
[2026-01-27T21:01:30.051+0000] {processor.py:161} INFO - Started process (PID=153) to work on /opt/airflow/dags/spark_bronze_to_silver_dag.py
[2026-01-27T21:01:30.052+0000] {processor.py:830} INFO - Processing file /opt/airflow/dags/spark_bronze_to_silver_dag.py for tasks to queue
[2026-01-27T21:01:30.054+0000] {logging_mixin.py:188} INFO - [2026-01-27T21:01:30.054+0000] {dagbag.py:538} INFO - Filling up the DagBag from /opt/airflow/dags/spark_bronze_to_silver_dag.py
[2026-01-27T21:01:30.092+0000] {processor.py:840} INFO - DAG(s) 'spark_bronze_to_silver_simple' retrieved from /opt/airflow/dags/spark_bronze_to_silver_dag.py
[2026-01-27T21:01:30.120+0000] {logging_mixin.py:188} INFO - [2026-01-27T21:01:30.120+0000] {dag.py:3036} INFO - Sync 1 DAGs
[2026-01-27T21:01:30.145+0000] {logging_mixin.py:188} INFO - [2026-01-27T21:01:30.145+0000] {dag.py:3823} INFO - Setting next_dagrun for spark_bronze_to_silver_simple to 2026-01-27 21:00:00+00:00, run_after=2026-01-27 22:00:00+00:00
[2026-01-27T21:01:30.172+0000] {processor.py:183} INFO - Processing /opt/airflow/dags/spark_bronze_to_silver_dag.py took 0.124 seconds
[2026-01-27T21:02:01.049+0000] {processor.py:161} INFO - Started process (PID=161) to work on /opt/airflow/dags/spark_bronze_to_silver_dag.py
[2026-01-27T21:02:01.050+0000] {processor.py:830} INFO - Processing file /opt/airflow/dags/spark_bronze_to_silver_dag.py for tasks to queue
[2026-01-27T21:02:01.056+0000] {logging_mixin.py:188} INFO - [2026-01-27T21:02:01.055+0000] {dagbag.py:538} INFO - Filling up the DagBag from /opt/airflow/dags/spark_bronze_to_silver_dag.py
[2026-01-27T21:02:01.095+0000] {processor.py:840} INFO - DAG(s) 'spark_bronze_to_silver_simple' retrieved from /opt/airflow/dags/spark_bronze_to_silver_dag.py
[2026-01-27T21:02:01.118+0000] {logging_mixin.py:188} INFO - [2026-01-27T21:02:01.118+0000] {dag.py:3036} INFO - Sync 1 DAGs
[2026-01-27T21:02:01.137+0000] {logging_mixin.py:188} INFO - [2026-01-27T21:02:01.137+0000] {dag.py:3823} INFO - Setting next_dagrun for spark_bronze_to_silver_simple to 2026-01-27 21:00:00+00:00, run_after=2026-01-27 22:00:00+00:00
[2026-01-27T21:02:01.153+0000] {processor.py:183} INFO - Processing /opt/airflow/dags/spark_bronze_to_silver_dag.py took 0.108 seconds
[2026-01-27T21:02:31.275+0000] {processor.py:161} INFO - Started process (PID=169) to work on /opt/airflow/dags/spark_bronze_to_silver_dag.py
[2026-01-27T21:02:31.276+0000] {processor.py:830} INFO - Processing file /opt/airflow/dags/spark_bronze_to_silver_dag.py for tasks to queue
[2026-01-27T21:02:31.278+0000] {logging_mixin.py:188} INFO - [2026-01-27T21:02:31.278+0000] {dagbag.py:538} INFO - Filling up the DagBag from /opt/airflow/dags/spark_bronze_to_silver_dag.py
[2026-01-27T21:02:31.314+0000] {processor.py:840} INFO - DAG(s) 'spark_bronze_to_silver_simple' retrieved from /opt/airflow/dags/spark_bronze_to_silver_dag.py
[2026-01-27T21:02:31.337+0000] {logging_mixin.py:188} INFO - [2026-01-27T21:02:31.337+0000] {dag.py:3036} INFO - Sync 1 DAGs
[2026-01-27T21:02:31.354+0000] {logging_mixin.py:188} INFO - [2026-01-27T21:02:31.353+0000] {dag.py:3823} INFO - Setting next_dagrun for spark_bronze_to_silver_simple to 2026-01-27 21:00:00+00:00, run_after=2026-01-27 22:00:00+00:00
[2026-01-27T21:02:31.373+0000] {processor.py:183} INFO - Processing /opt/airflow/dags/spark_bronze_to_silver_dag.py took 0.101 seconds
[2026-01-27T21:03:01.469+0000] {processor.py:161} INFO - Started process (PID=176) to work on /opt/airflow/dags/spark_bronze_to_silver_dag.py
[2026-01-27T21:03:01.470+0000] {processor.py:830} INFO - Processing file /opt/airflow/dags/spark_bronze_to_silver_dag.py for tasks to queue
[2026-01-27T21:03:01.473+0000] {logging_mixin.py:188} INFO - [2026-01-27T21:03:01.473+0000] {dagbag.py:538} INFO - Filling up the DagBag from /opt/airflow/dags/spark_bronze_to_silver_dag.py
[2026-01-27T21:03:01.508+0000] {processor.py:840} INFO - DAG(s) 'spark_bronze_to_silver_simple' retrieved from /opt/airflow/dags/spark_bronze_to_silver_dag.py
[2026-01-27T21:03:01.534+0000] {logging_mixin.py:188} INFO - [2026-01-27T21:03:01.533+0000] {dag.py:3036} INFO - Sync 1 DAGs
[2026-01-27T21:03:01.551+0000] {logging_mixin.py:188} INFO - [2026-01-27T21:03:01.551+0000] {dag.py:3823} INFO - Setting next_dagrun for spark_bronze_to_silver_simple to 2026-01-27 21:00:00+00:00, run_after=2026-01-27 22:00:00+00:00
[2026-01-27T21:03:01.572+0000] {processor.py:183} INFO - Processing /opt/airflow/dags/spark_bronze_to_silver_dag.py took 0.106 seconds
[2026-01-27T21:03:31.649+0000] {processor.py:161} INFO - Started process (PID=184) to work on /opt/airflow/dags/spark_bronze_to_silver_dag.py
[2026-01-27T21:03:31.650+0000] {processor.py:830} INFO - Processing file /opt/airflow/dags/spark_bronze_to_silver_dag.py for tasks to queue
[2026-01-27T21:03:31.653+0000] {logging_mixin.py:188} INFO - [2026-01-27T21:03:31.653+0000] {dagbag.py:538} INFO - Filling up the DagBag from /opt/airflow/dags/spark_bronze_to_silver_dag.py
[2026-01-27T21:03:31.695+0000] {processor.py:840} INFO - DAG(s) 'spark_bronze_to_silver_simple' retrieved from /opt/airflow/dags/spark_bronze_to_silver_dag.py
[2026-01-27T21:03:31.726+0000] {logging_mixin.py:188} INFO - [2026-01-27T21:03:31.726+0000] {dag.py:3036} INFO - Sync 1 DAGs
[2026-01-27T21:03:31.746+0000] {logging_mixin.py:188} INFO - [2026-01-27T21:03:31.745+0000] {dag.py:3823} INFO - Setting next_dagrun for spark_bronze_to_silver_simple to 2026-01-27 21:00:00+00:00, run_after=2026-01-27 22:00:00+00:00
[2026-01-27T21:03:31.764+0000] {processor.py:183} INFO - Processing /opt/airflow/dags/spark_bronze_to_silver_dag.py took 0.118 seconds
[2026-01-27T21:04:01.835+0000] {processor.py:161} INFO - Started process (PID=192) to work on /opt/airflow/dags/spark_bronze_to_silver_dag.py
[2026-01-27T21:04:01.836+0000] {processor.py:830} INFO - Processing file /opt/airflow/dags/spark_bronze_to_silver_dag.py for tasks to queue
[2026-01-27T21:04:01.838+0000] {logging_mixin.py:188} INFO - [2026-01-27T21:04:01.838+0000] {dagbag.py:538} INFO - Filling up the DagBag from /opt/airflow/dags/spark_bronze_to_silver_dag.py
[2026-01-27T21:04:01.879+0000] {processor.py:840} INFO - DAG(s) 'spark_bronze_to_silver_simple' retrieved from /opt/airflow/dags/spark_bronze_to_silver_dag.py
[2026-01-27T21:04:01.901+0000] {logging_mixin.py:188} INFO - [2026-01-27T21:04:01.900+0000] {dag.py:3036} INFO - Sync 1 DAGs
[2026-01-27T21:04:01.921+0000] {logging_mixin.py:188} INFO - [2026-01-27T21:04:01.921+0000] {dag.py:3823} INFO - Setting next_dagrun for spark_bronze_to_silver_simple to 2026-01-27 21:00:00+00:00, run_after=2026-01-27 22:00:00+00:00
[2026-01-27T21:04:01.942+0000] {processor.py:183} INFO - Processing /opt/airflow/dags/spark_bronze_to_silver_dag.py took 0.110 seconds
[2026-01-27T21:04:32.113+0000] {processor.py:161} INFO - Started process (PID=200) to work on /opt/airflow/dags/spark_bronze_to_silver_dag.py
[2026-01-27T21:04:32.115+0000] {processor.py:830} INFO - Processing file /opt/airflow/dags/spark_bronze_to_silver_dag.py for tasks to queue
[2026-01-27T21:04:32.117+0000] {logging_mixin.py:188} INFO - [2026-01-27T21:04:32.117+0000] {dagbag.py:538} INFO - Filling up the DagBag from /opt/airflow/dags/spark_bronze_to_silver_dag.py
[2026-01-27T21:04:32.161+0000] {processor.py:840} INFO - DAG(s) 'spark_bronze_to_silver_simple' retrieved from /opt/airflow/dags/spark_bronze_to_silver_dag.py
[2026-01-27T21:04:32.187+0000] {logging_mixin.py:188} INFO - [2026-01-27T21:04:32.187+0000] {dag.py:3036} INFO - Sync 1 DAGs
[2026-01-27T21:04:32.205+0000] {logging_mixin.py:188} INFO - [2026-01-27T21:04:32.205+0000] {dag.py:3823} INFO - Setting next_dagrun for spark_bronze_to_silver_simple to 2026-01-27 21:00:00+00:00, run_after=2026-01-27 22:00:00+00:00
[2026-01-27T21:04:32.228+0000] {processor.py:183} INFO - Processing /opt/airflow/dags/spark_bronze_to_silver_dag.py took 0.118 seconds
[2026-01-27T21:05:02.373+0000] {processor.py:161} INFO - Started process (PID=208) to work on /opt/airflow/dags/spark_bronze_to_silver_dag.py
[2026-01-27T21:05:02.374+0000] {processor.py:830} INFO - Processing file /opt/airflow/dags/spark_bronze_to_silver_dag.py for tasks to queue
[2026-01-27T21:05:02.377+0000] {logging_mixin.py:188} INFO - [2026-01-27T21:05:02.376+0000] {dagbag.py:538} INFO - Filling up the DagBag from /opt/airflow/dags/spark_bronze_to_silver_dag.py
[2026-01-27T21:05:02.426+0000] {processor.py:840} INFO - DAG(s) 'spark_bronze_to_silver_simple' retrieved from /opt/airflow/dags/spark_bronze_to_silver_dag.py
[2026-01-27T21:05:02.448+0000] {logging_mixin.py:188} INFO - [2026-01-27T21:05:02.448+0000] {dag.py:3036} INFO - Sync 1 DAGs
[2026-01-27T21:05:02.464+0000] {logging_mixin.py:188} INFO - [2026-01-27T21:05:02.464+0000] {dag.py:3823} INFO - Setting next_dagrun for spark_bronze_to_silver_simple to 2026-01-27 21:00:00+00:00, run_after=2026-01-27 22:00:00+00:00
[2026-01-27T21:05:02.481+0000] {processor.py:183} INFO - Processing /opt/airflow/dags/spark_bronze_to_silver_dag.py took 0.111 seconds
[2026-01-27T21:05:32.548+0000] {processor.py:161} INFO - Started process (PID=216) to work on /opt/airflow/dags/spark_bronze_to_silver_dag.py
[2026-01-27T21:05:32.549+0000] {processor.py:830} INFO - Processing file /opt/airflow/dags/spark_bronze_to_silver_dag.py for tasks to queue
[2026-01-27T21:05:32.551+0000] {logging_mixin.py:188} INFO - [2026-01-27T21:05:32.551+0000] {dagbag.py:538} INFO - Filling up the DagBag from /opt/airflow/dags/spark_bronze_to_silver_dag.py
[2026-01-27T21:05:32.593+0000] {processor.py:840} INFO - DAG(s) 'spark_bronze_to_silver_simple' retrieved from /opt/airflow/dags/spark_bronze_to_silver_dag.py
[2026-01-27T21:05:32.618+0000] {logging_mixin.py:188} INFO - [2026-01-27T21:05:32.617+0000] {dag.py:3036} INFO - Sync 1 DAGs
[2026-01-27T21:05:32.636+0000] {logging_mixin.py:188} INFO - [2026-01-27T21:05:32.636+0000] {dag.py:3823} INFO - Setting next_dagrun for spark_bronze_to_silver_simple to 2026-01-27 21:00:00+00:00, run_after=2026-01-27 22:00:00+00:00
[2026-01-27T21:05:32.654+0000] {processor.py:183} INFO - Processing /opt/airflow/dags/spark_bronze_to_silver_dag.py took 0.109 seconds
[2026-01-27T21:06:02.869+0000] {processor.py:161} INFO - Started process (PID=217) to work on /opt/airflow/dags/spark_bronze_to_silver_dag.py
[2026-01-27T21:06:02.870+0000] {processor.py:830} INFO - Processing file /opt/airflow/dags/spark_bronze_to_silver_dag.py for tasks to queue
[2026-01-27T21:06:02.872+0000] {logging_mixin.py:188} INFO - [2026-01-27T21:06:02.872+0000] {dagbag.py:538} INFO - Filling up the DagBag from /opt/airflow/dags/spark_bronze_to_silver_dag.py
[2026-01-27T21:06:02.889+0000] {processor.py:840} INFO - DAG(s) 'spark_bronze_to_silver_simple' retrieved from /opt/airflow/dags/spark_bronze_to_silver_dag.py
[2026-01-27T21:06:02.910+0000] {logging_mixin.py:188} INFO - [2026-01-27T21:06:02.910+0000] {dag.py:3036} INFO - Sync 1 DAGs
[2026-01-27T21:06:02.927+0000] {logging_mixin.py:188} INFO - [2026-01-27T21:06:02.927+0000] {dag.py:3823} INFO - Setting next_dagrun for spark_bronze_to_silver_simple to 2026-01-27 21:00:00+00:00, run_after=2026-01-27 22:00:00+00:00
[2026-01-27T21:06:02.946+0000] {processor.py:183} INFO - Processing /opt/airflow/dags/spark_bronze_to_silver_dag.py took 0.080 seconds
[2026-01-27T21:06:33.186+0000] {processor.py:161} INFO - Started process (PID=225) to work on /opt/airflow/dags/spark_bronze_to_silver_dag.py
[2026-01-27T21:06:33.188+0000] {processor.py:830} INFO - Processing file /opt/airflow/dags/spark_bronze_to_silver_dag.py for tasks to queue
[2026-01-27T21:06:33.190+0000] {logging_mixin.py:188} INFO - [2026-01-27T21:06:33.190+0000] {dagbag.py:538} INFO - Filling up the DagBag from /opt/airflow/dags/spark_bronze_to_silver_dag.py
[2026-01-27T21:06:33.231+0000] {processor.py:840} INFO - DAG(s) 'spark_bronze_to_silver_simple' retrieved from /opt/airflow/dags/spark_bronze_to_silver_dag.py
[2026-01-27T21:06:33.256+0000] {logging_mixin.py:188} INFO - [2026-01-27T21:06:33.256+0000] {dag.py:3036} INFO - Sync 1 DAGs
[2026-01-27T21:06:33.281+0000] {logging_mixin.py:188} INFO - [2026-01-27T21:06:33.280+0000] {dag.py:3823} INFO - Setting next_dagrun for spark_bronze_to_silver_simple to 2026-01-27 21:00:00+00:00, run_after=2026-01-27 22:00:00+00:00
[2026-01-27T21:06:33.308+0000] {processor.py:183} INFO - Processing /opt/airflow/dags/spark_bronze_to_silver_dag.py took 0.125 seconds
[2026-01-27T21:07:03.423+0000] {processor.py:161} INFO - Started process (PID=233) to work on /opt/airflow/dags/spark_bronze_to_silver_dag.py
[2026-01-27T21:07:03.427+0000] {processor.py:830} INFO - Processing file /opt/airflow/dags/spark_bronze_to_silver_dag.py for tasks to queue
[2026-01-27T21:07:03.430+0000] {logging_mixin.py:188} INFO - [2026-01-27T21:07:03.429+0000] {dagbag.py:538} INFO - Filling up the DagBag from /opt/airflow/dags/spark_bronze_to_silver_dag.py
[2026-01-27T21:07:03.467+0000] {processor.py:840} INFO - DAG(s) 'spark_bronze_to_silver_simple' retrieved from /opt/airflow/dags/spark_bronze_to_silver_dag.py
[2026-01-27T21:07:03.491+0000] {logging_mixin.py:188} INFO - [2026-01-27T21:07:03.490+0000] {dag.py:3036} INFO - Sync 1 DAGs
[2026-01-27T21:07:03.510+0000] {logging_mixin.py:188} INFO - [2026-01-27T21:07:03.509+0000] {dag.py:3823} INFO - Setting next_dagrun for spark_bronze_to_silver_simple to 2026-01-27 21:00:00+00:00, run_after=2026-01-27 22:00:00+00:00
[2026-01-27T21:07:03.531+0000] {processor.py:183} INFO - Processing /opt/airflow/dags/spark_bronze_to_silver_dag.py took 0.115 seconds
[2026-01-27T21:07:33.656+0000] {processor.py:161} INFO - Started process (PID=241) to work on /opt/airflow/dags/spark_bronze_to_silver_dag.py
[2026-01-27T21:07:33.658+0000] {processor.py:830} INFO - Processing file /opt/airflow/dags/spark_bronze_to_silver_dag.py for tasks to queue
[2026-01-27T21:07:33.664+0000] {logging_mixin.py:188} INFO - [2026-01-27T21:07:33.664+0000] {dagbag.py:538} INFO - Filling up the DagBag from /opt/airflow/dags/spark_bronze_to_silver_dag.py
[2026-01-27T21:07:33.711+0000] {processor.py:840} INFO - DAG(s) 'spark_bronze_to_silver_simple' retrieved from /opt/airflow/dags/spark_bronze_to_silver_dag.py
[2026-01-27T21:07:33.741+0000] {logging_mixin.py:188} INFO - [2026-01-27T21:07:33.741+0000] {dag.py:3036} INFO - Sync 1 DAGs
[2026-01-27T21:07:33.758+0000] {logging_mixin.py:188} INFO - [2026-01-27T21:07:33.758+0000] {dag.py:3823} INFO - Setting next_dagrun for spark_bronze_to_silver_simple to 2026-01-27 21:00:00+00:00, run_after=2026-01-27 22:00:00+00:00
[2026-01-27T21:07:33.775+0000] {processor.py:183} INFO - Processing /opt/airflow/dags/spark_bronze_to_silver_dag.py took 0.123 seconds
[2026-01-27T21:08:04.056+0000] {processor.py:161} INFO - Started process (PID=249) to work on /opt/airflow/dags/spark_bronze_to_silver_dag.py
[2026-01-27T21:08:04.057+0000] {processor.py:830} INFO - Processing file /opt/airflow/dags/spark_bronze_to_silver_dag.py for tasks to queue
[2026-01-27T21:08:04.062+0000] {logging_mixin.py:188} INFO - [2026-01-27T21:08:04.062+0000] {dagbag.py:538} INFO - Filling up the DagBag from /opt/airflow/dags/spark_bronze_to_silver_dag.py
[2026-01-27T21:08:04.112+0000] {processor.py:840} INFO - DAG(s) 'spark_bronze_to_silver_simple' retrieved from /opt/airflow/dags/spark_bronze_to_silver_dag.py
[2026-01-27T21:08:04.139+0000] {logging_mixin.py:188} INFO - [2026-01-27T21:08:04.139+0000] {dag.py:3036} INFO - Sync 1 DAGs
[2026-01-27T21:08:04.160+0000] {logging_mixin.py:188} INFO - [2026-01-27T21:08:04.160+0000] {dag.py:3823} INFO - Setting next_dagrun for spark_bronze_to_silver_simple to 2026-01-27 21:00:00+00:00, run_after=2026-01-27 22:00:00+00:00
[2026-01-27T21:08:04.180+0000] {processor.py:183} INFO - Processing /opt/airflow/dags/spark_bronze_to_silver_dag.py took 0.128 seconds
[2026-01-27T21:08:34.450+0000] {processor.py:161} INFO - Started process (PID=257) to work on /opt/airflow/dags/spark_bronze_to_silver_dag.py
[2026-01-27T21:08:34.451+0000] {processor.py:830} INFO - Processing file /opt/airflow/dags/spark_bronze_to_silver_dag.py for tasks to queue
[2026-01-27T21:08:34.453+0000] {logging_mixin.py:188} INFO - [2026-01-27T21:08:34.453+0000] {dagbag.py:538} INFO - Filling up the DagBag from /opt/airflow/dags/spark_bronze_to_silver_dag.py
[2026-01-27T21:08:34.495+0000] {processor.py:840} INFO - DAG(s) 'spark_bronze_to_silver_simple' retrieved from /opt/airflow/dags/spark_bronze_to_silver_dag.py
[2026-01-27T21:08:34.521+0000] {logging_mixin.py:188} INFO - [2026-01-27T21:08:34.521+0000] {dag.py:3036} INFO - Sync 1 DAGs
[2026-01-27T21:08:34.543+0000] {logging_mixin.py:188} INFO - [2026-01-27T21:08:34.542+0000] {dag.py:3823} INFO - Setting next_dagrun for spark_bronze_to_silver_simple to 2026-01-27 21:00:00+00:00, run_after=2026-01-27 22:00:00+00:00
[2026-01-27T21:08:34.567+0000] {processor.py:183} INFO - Processing /opt/airflow/dags/spark_bronze_to_silver_dag.py took 0.120 seconds
[2026-01-27T21:09:04.801+0000] {processor.py:161} INFO - Started process (PID=265) to work on /opt/airflow/dags/spark_bronze_to_silver_dag.py
[2026-01-27T21:09:04.802+0000] {processor.py:830} INFO - Processing file /opt/airflow/dags/spark_bronze_to_silver_dag.py for tasks to queue
[2026-01-27T21:09:04.805+0000] {logging_mixin.py:188} INFO - [2026-01-27T21:09:04.805+0000] {dagbag.py:538} INFO - Filling up the DagBag from /opt/airflow/dags/spark_bronze_to_silver_dag.py
[2026-01-27T21:09:04.851+0000] {processor.py:840} INFO - DAG(s) 'spark_bronze_to_silver_simple' retrieved from /opt/airflow/dags/spark_bronze_to_silver_dag.py
[2026-01-27T21:09:04.884+0000] {logging_mixin.py:188} INFO - [2026-01-27T21:09:04.884+0000] {dag.py:3036} INFO - Sync 1 DAGs
[2026-01-27T21:09:04.904+0000] {logging_mixin.py:188} INFO - [2026-01-27T21:09:04.904+0000] {dag.py:3823} INFO - Setting next_dagrun for spark_bronze_to_silver_simple to 2026-01-27 21:00:00+00:00, run_after=2026-01-27 22:00:00+00:00
[2026-01-27T21:09:04.928+0000] {processor.py:183} INFO - Processing /opt/airflow/dags/spark_bronze_to_silver_dag.py took 0.133 seconds
[2026-01-27T21:09:35.057+0000] {processor.py:161} INFO - Started process (PID=273) to work on /opt/airflow/dags/spark_bronze_to_silver_dag.py
[2026-01-27T21:09:35.058+0000] {processor.py:830} INFO - Processing file /opt/airflow/dags/spark_bronze_to_silver_dag.py for tasks to queue
[2026-01-27T21:09:35.061+0000] {logging_mixin.py:188} INFO - [2026-01-27T21:09:35.060+0000] {dagbag.py:538} INFO - Filling up the DagBag from /opt/airflow/dags/spark_bronze_to_silver_dag.py
[2026-01-27T21:09:35.095+0000] {processor.py:840} INFO - DAG(s) 'spark_bronze_to_silver_simple' retrieved from /opt/airflow/dags/spark_bronze_to_silver_dag.py
[2026-01-27T21:09:35.124+0000] {logging_mixin.py:188} INFO - [2026-01-27T21:09:35.123+0000] {dag.py:3036} INFO - Sync 1 DAGs
[2026-01-27T21:09:35.158+0000] {logging_mixin.py:188} INFO - [2026-01-27T21:09:35.157+0000] {dag.py:3823} INFO - Setting next_dagrun for spark_bronze_to_silver_simple to 2026-01-27 21:00:00+00:00, run_after=2026-01-27 22:00:00+00:00
[2026-01-27T21:09:35.179+0000] {processor.py:183} INFO - Processing /opt/airflow/dags/spark_bronze_to_silver_dag.py took 0.129 seconds
[2026-01-27T21:10:05.457+0000] {processor.py:161} INFO - Started process (PID=281) to work on /opt/airflow/dags/spark_bronze_to_silver_dag.py
[2026-01-27T21:10:05.459+0000] {processor.py:830} INFO - Processing file /opt/airflow/dags/spark_bronze_to_silver_dag.py for tasks to queue
[2026-01-27T21:10:05.461+0000] {logging_mixin.py:188} INFO - [2026-01-27T21:10:05.461+0000] {dagbag.py:538} INFO - Filling up the DagBag from /opt/airflow/dags/spark_bronze_to_silver_dag.py
[2026-01-27T21:10:05.505+0000] {processor.py:840} INFO - DAG(s) 'spark_bronze_to_silver_simple' retrieved from /opt/airflow/dags/spark_bronze_to_silver_dag.py
[2026-01-27T21:10:05.535+0000] {logging_mixin.py:188} INFO - [2026-01-27T21:10:05.535+0000] {dag.py:3036} INFO - Sync 1 DAGs
[2026-01-27T21:10:05.559+0000] {logging_mixin.py:188} INFO - [2026-01-27T21:10:05.558+0000] {dag.py:3823} INFO - Setting next_dagrun for spark_bronze_to_silver_simple to 2026-01-27 21:00:00+00:00, run_after=2026-01-27 22:00:00+00:00
[2026-01-27T21:10:05.583+0000] {processor.py:183} INFO - Processing /opt/airflow/dags/spark_bronze_to_silver_dag.py took 0.130 seconds
[2026-01-27T21:10:36.715+0000] {processor.py:161} INFO - Started process (PID=289) to work on /opt/airflow/dags/spark_bronze_to_silver_dag.py
[2026-01-27T21:10:36.717+0000] {processor.py:830} INFO - Processing file /opt/airflow/dags/spark_bronze_to_silver_dag.py for tasks to queue
[2026-01-27T21:10:36.720+0000] {logging_mixin.py:188} INFO - [2026-01-27T21:10:36.719+0000] {dagbag.py:538} INFO - Filling up the DagBag from /opt/airflow/dags/spark_bronze_to_silver_dag.py
[2026-01-27T21:10:36.770+0000] {processor.py:840} INFO - DAG(s) 'spark_bronze_to_silver_simple' retrieved from /opt/airflow/dags/spark_bronze_to_silver_dag.py
[2026-01-27T21:10:36.795+0000] {logging_mixin.py:188} INFO - [2026-01-27T21:10:36.794+0000] {dag.py:3036} INFO - Sync 1 DAGs
[2026-01-27T21:10:36.814+0000] {logging_mixin.py:188} INFO - [2026-01-27T21:10:36.813+0000] {dag.py:3823} INFO - Setting next_dagrun for spark_bronze_to_silver_simple to 2026-01-27 21:00:00+00:00, run_after=2026-01-27 22:00:00+00:00
[2026-01-27T21:10:36.835+0000] {processor.py:183} INFO - Processing /opt/airflow/dags/spark_bronze_to_silver_dag.py took 0.124 seconds
[2026-01-27T21:11:07.054+0000] {processor.py:161} INFO - Started process (PID=297) to work on /opt/airflow/dags/spark_bronze_to_silver_dag.py
[2026-01-27T21:11:07.056+0000] {processor.py:830} INFO - Processing file /opt/airflow/dags/spark_bronze_to_silver_dag.py for tasks to queue
[2026-01-27T21:11:07.064+0000] {logging_mixin.py:188} INFO - [2026-01-27T21:11:07.063+0000] {dagbag.py:538} INFO - Filling up the DagBag from /opt/airflow/dags/spark_bronze_to_silver_dag.py
[2026-01-27T21:11:07.146+0000] {processor.py:840} INFO - DAG(s) 'spark_bronze_to_silver_simple' retrieved from /opt/airflow/dags/spark_bronze_to_silver_dag.py
[2026-01-27T21:11:07.174+0000] {logging_mixin.py:188} INFO - [2026-01-27T21:11:07.174+0000] {dag.py:3036} INFO - Sync 1 DAGs
[2026-01-27T21:11:07.197+0000] {logging_mixin.py:188} INFO - [2026-01-27T21:11:07.196+0000] {dag.py:3823} INFO - Setting next_dagrun for spark_bronze_to_silver_simple to 2026-01-27 21:00:00+00:00, run_after=2026-01-27 22:00:00+00:00
[2026-01-27T21:11:07.219+0000] {processor.py:183} INFO - Processing /opt/airflow/dags/spark_bronze_to_silver_dag.py took 0.177 seconds
[2026-01-27T21:11:38.286+0000] {processor.py:161} INFO - Started process (PID=305) to work on /opt/airflow/dags/spark_bronze_to_silver_dag.py
[2026-01-27T21:11:38.287+0000] {processor.py:830} INFO - Processing file /opt/airflow/dags/spark_bronze_to_silver_dag.py for tasks to queue
[2026-01-27T21:11:38.290+0000] {logging_mixin.py:188} INFO - [2026-01-27T21:11:38.289+0000] {dagbag.py:538} INFO - Filling up the DagBag from /opt/airflow/dags/spark_bronze_to_silver_dag.py
[2026-01-27T21:11:38.309+0000] {processor.py:840} INFO - DAG(s) 'spark_bronze_to_silver_simple' retrieved from /opt/airflow/dags/spark_bronze_to_silver_dag.py
[2026-01-27T21:11:38.335+0000] {logging_mixin.py:188} INFO - [2026-01-27T21:11:38.335+0000] {dag.py:3036} INFO - Sync 1 DAGs
[2026-01-27T21:11:38.353+0000] {logging_mixin.py:188} INFO - [2026-01-27T21:11:38.353+0000] {dag.py:3823} INFO - Setting next_dagrun for spark_bronze_to_silver_simple to 2026-01-27 21:00:00+00:00, run_after=2026-01-27 22:00:00+00:00
[2026-01-27T21:11:38.378+0000] {processor.py:183} INFO - Processing /opt/airflow/dags/spark_bronze_to_silver_dag.py took 0.095 seconds
[2026-01-27T21:12:09.387+0000] {processor.py:161} INFO - Started process (PID=313) to work on /opt/airflow/dags/spark_bronze_to_silver_dag.py
[2026-01-27T21:12:09.392+0000] {processor.py:830} INFO - Processing file /opt/airflow/dags/spark_bronze_to_silver_dag.py for tasks to queue
[2026-01-27T21:12:09.404+0000] {logging_mixin.py:188} INFO - [2026-01-27T21:12:09.401+0000] {dagbag.py:538} INFO - Filling up the DagBag from /opt/airflow/dags/spark_bronze_to_silver_dag.py
[2026-01-27T21:12:09.563+0000] {processor.py:840} INFO - DAG(s) 'spark_bronze_to_silver_simple' retrieved from /opt/airflow/dags/spark_bronze_to_silver_dag.py
[2026-01-27T21:12:09.983+0000] {logging_mixin.py:188} INFO - [2026-01-27T21:12:09.982+0000] {dag.py:3036} INFO - Sync 1 DAGs
[2026-01-27T21:12:10.150+0000] {logging_mixin.py:188} INFO - [2026-01-27T21:12:10.150+0000] {dag.py:3823} INFO - Setting next_dagrun for spark_bronze_to_silver_simple to 2026-01-27 21:00:00+00:00, run_after=2026-01-27 22:00:00+00:00
[2026-01-27T21:12:10.211+0000] {processor.py:183} INFO - Processing /opt/airflow/dags/spark_bronze_to_silver_dag.py took 0.846 seconds
[2026-01-27T21:12:42.380+0000] {processor.py:161} INFO - Started process (PID=314) to work on /opt/airflow/dags/spark_bronze_to_silver_dag.py
[2026-01-27T21:12:42.387+0000] {processor.py:830} INFO - Processing file /opt/airflow/dags/spark_bronze_to_silver_dag.py for tasks to queue
[2026-01-27T21:12:42.452+0000] {logging_mixin.py:188} INFO - [2026-01-27T21:12:42.440+0000] {dagbag.py:538} INFO - Filling up the DagBag from /opt/airflow/dags/spark_bronze_to_silver_dag.py
[2026-01-27T21:12:43.419+0000] {processor.py:840} INFO - DAG(s) 'spark_bronze_to_silver_simple' retrieved from /opt/airflow/dags/spark_bronze_to_silver_dag.py
[2026-01-27T21:13:17.973+0000] {processor.py:186} ERROR - Got an exception! Propagating...
Traceback (most recent call last):
  File "/home/airflow/.local/lib/python3.8/site-packages/sqlalchemy/engine/base.py", line 3371, in _wrap_pool_connect
    return fn()
  File "/home/airflow/.local/lib/python3.8/site-packages/sqlalchemy/pool/base.py", line 327, in connect
    return _ConnectionFairy._checkout(self)
  File "/home/airflow/.local/lib/python3.8/site-packages/sqlalchemy/pool/base.py", line 894, in _checkout
    fairy = _ConnectionRecord.checkout(pool)
  File "/home/airflow/.local/lib/python3.8/site-packages/sqlalchemy/pool/base.py", line 493, in checkout
    rec = pool._do_get()
  File "/home/airflow/.local/lib/python3.8/site-packages/sqlalchemy/pool/impl.py", line 146, in _do_get
    self._dec_overflow()
  File "/home/airflow/.local/lib/python3.8/site-packages/sqlalchemy/util/langhelpers.py", line 70, in __exit__
    compat.raise_(
  File "/home/airflow/.local/lib/python3.8/site-packages/sqlalchemy/util/compat.py", line 211, in raise_
    raise exception
  File "/home/airflow/.local/lib/python3.8/site-packages/sqlalchemy/pool/impl.py", line 143, in _do_get
    return self._create_connection()
  File "/home/airflow/.local/lib/python3.8/site-packages/sqlalchemy/pool/base.py", line 273, in _create_connection
    return _ConnectionRecord(self)
  File "/home/airflow/.local/lib/python3.8/site-packages/sqlalchemy/pool/base.py", line 388, in __init__
    self.__connect()
  File "/home/airflow/.local/lib/python3.8/site-packages/sqlalchemy/pool/base.py", line 691, in __connect
    pool.logger.debug("Error on connect(): %s", e)
  File "/home/airflow/.local/lib/python3.8/site-packages/sqlalchemy/util/langhelpers.py", line 70, in __exit__
    compat.raise_(
  File "/home/airflow/.local/lib/python3.8/site-packages/sqlalchemy/util/compat.py", line 211, in raise_
    raise exception
  File "/home/airflow/.local/lib/python3.8/site-packages/sqlalchemy/pool/base.py", line 686, in __connect
    self.dbapi_connection = connection = pool._invoke_creator(self)
  File "/home/airflow/.local/lib/python3.8/site-packages/sqlalchemy/engine/create.py", line 574, in connect
    return dialect.connect(*cargs, **cparams)
  File "/home/airflow/.local/lib/python3.8/site-packages/sqlalchemy/engine/default.py", line 598, in connect
    return self.dbapi.connect(*cargs, **cparams)
  File "/home/airflow/.local/lib/python3.8/site-packages/psycopg2/__init__.py", line 122, in connect
    conn = _connect(dsn, connection_factory=connection_factory, **kwasync)
psycopg2.OperationalError: could not translate host name "postgres-airflow" to address: Temporary failure in name resolution


The above exception was the direct cause of the following exception:

Traceback (most recent call last):
  File "/home/airflow/.local/lib/python3.8/site-packages/airflow/dag_processing/processor.py", line 182, in _run_file_processor
    _handle_dag_file_processing()
  File "/home/airflow/.local/lib/python3.8/site-packages/airflow/dag_processing/processor.py", line 163, in _handle_dag_file_processing
    result: tuple[int, int] = dag_file_processor.process_file(
  File "/home/airflow/.local/lib/python3.8/site-packages/airflow/utils/session.py", line 79, in wrapper
    return func(*args, session=session, **kwargs)
  File "/home/airflow/.local/lib/python3.8/site-packages/airflow/dag_processing/processor.py", line 859, in process_file
    serialize_errors = DagFileProcessor.save_dag_to_db(
  File "/home/airflow/.local/lib/python3.8/site-packages/airflow/api_internal/internal_api_call.py", line 114, in wrapper
    return func(*args, **kwargs)
  File "/home/airflow/.local/lib/python3.8/site-packages/airflow/utils/session.py", line 79, in wrapper
    return func(*args, session=session, **kwargs)
  File "/home/airflow/.local/lib/python3.8/site-packages/airflow/dag_processing/processor.py", line 895, in save_dag_to_db
    import_errors = DagBag._sync_to_db(dags=dags, processor_subdir=dag_directory, session=session)
  File "/home/airflow/.local/lib/python3.8/site-packages/airflow/utils/session.py", line 76, in wrapper
    return func(*args, **kwargs)
  File "/home/airflow/.local/lib/python3.8/site-packages/airflow/models/dagbag.py", line 657, in _sync_to_db
    for attempt in run_with_db_retries(logger=log):
  File "/home/airflow/.local/lib/python3.8/site-packages/tenacity/__init__.py", line 347, in __iter__
    do = self.iter(retry_state=retry_state)
  File "/home/airflow/.local/lib/python3.8/site-packages/tenacity/__init__.py", line 325, in iter
    raise retry_exc.reraise()
  File "/home/airflow/.local/lib/python3.8/site-packages/tenacity/__init__.py", line 158, in reraise
    raise self.last_attempt.result()
  File "/usr/local/lib/python3.8/concurrent/futures/_base.py", line 437, in result
    return self.__get_result()
  File "/usr/local/lib/python3.8/concurrent/futures/_base.py", line 389, in __get_result
    raise self._exception
  File "/home/airflow/.local/lib/python3.8/site-packages/airflow/models/dagbag.py", line 670, in _sync_to_db
    _serialize_dag_capturing_errors(dag, session, processor_subdir)
  File "/home/airflow/.local/lib/python3.8/site-packages/airflow/models/dagbag.py", line 635, in _serialize_dag_capturing_errors
    dag_was_updated = SerializedDagModel.write_dag(
  File "/home/airflow/.local/lib/python3.8/site-packages/airflow/utils/session.py", line 76, in wrapper
    return func(*args, **kwargs)
  File "/home/airflow/.local/lib/python3.8/site-packages/airflow/models/serialized_dag.py", line 157, in write_dag
    if session.scalar(
  File "/home/airflow/.local/lib/python3.8/site-packages/sqlalchemy/orm/session.py", line 1747, in scalar
    return self.execute(
  File "/home/airflow/.local/lib/python3.8/site-packages/sqlalchemy/orm/session.py", line 1716, in execute
    conn = self._connection_for_bind(bind)
  File "/home/airflow/.local/lib/python3.8/site-packages/sqlalchemy/orm/session.py", line 1555, in _connection_for_bind
    return self._transaction._connection_for_bind(
  File "/home/airflow/.local/lib/python3.8/site-packages/sqlalchemy/orm/session.py", line 750, in _connection_for_bind
    conn = bind.connect()
  File "/home/airflow/.local/lib/python3.8/site-packages/sqlalchemy/future/engine.py", line 412, in connect
    return super(Engine, self).connect()
  File "/home/airflow/.local/lib/python3.8/site-packages/sqlalchemy/engine/base.py", line 3325, in connect
    return self._connection_cls(self, close_with_result=close_with_result)
  File "/home/airflow/.local/lib/python3.8/site-packages/sqlalchemy/engine/base.py", line 96, in __init__
    else engine.raw_connection()
  File "/home/airflow/.local/lib/python3.8/site-packages/sqlalchemy/engine/base.py", line 3404, in raw_connection
    return self._wrap_pool_connect(self.pool.connect, _connection)
  File "/home/airflow/.local/lib/python3.8/site-packages/sqlalchemy/engine/base.py", line 3374, in _wrap_pool_connect
    Connection._handle_dbapi_exception_noconnection(
  File "/home/airflow/.local/lib/python3.8/site-packages/sqlalchemy/engine/base.py", line 2208, in _handle_dbapi_exception_noconnection
    util.raise_(
  File "/home/airflow/.local/lib/python3.8/site-packages/sqlalchemy/util/compat.py", line 211, in raise_
    raise exception
  File "/home/airflow/.local/lib/python3.8/site-packages/sqlalchemy/engine/base.py", line 3371, in _wrap_pool_connect
    return fn()
  File "/home/airflow/.local/lib/python3.8/site-packages/sqlalchemy/pool/base.py", line 327, in connect
    return _ConnectionFairy._checkout(self)
  File "/home/airflow/.local/lib/python3.8/site-packages/sqlalchemy/pool/base.py", line 894, in _checkout
    fairy = _ConnectionRecord.checkout(pool)
  File "/home/airflow/.local/lib/python3.8/site-packages/sqlalchemy/pool/base.py", line 493, in checkout
    rec = pool._do_get()
  File "/home/airflow/.local/lib/python3.8/site-packages/sqlalchemy/pool/impl.py", line 146, in _do_get
    self._dec_overflow()
  File "/home/airflow/.local/lib/python3.8/site-packages/sqlalchemy/util/langhelpers.py", line 70, in __exit__
    compat.raise_(
  File "/home/airflow/.local/lib/python3.8/site-packages/sqlalchemy/util/compat.py", line 211, in raise_
    raise exception
  File "/home/airflow/.local/lib/python3.8/site-packages/sqlalchemy/pool/impl.py", line 143, in _do_get
    return self._create_connection()
  File "/home/airflow/.local/lib/python3.8/site-packages/sqlalchemy/pool/base.py", line 273, in _create_connection
    return _ConnectionRecord(self)
  File "/home/airflow/.local/lib/python3.8/site-packages/sqlalchemy/pool/base.py", line 388, in __init__
    self.__connect()
  File "/home/airflow/.local/lib/python3.8/site-packages/sqlalchemy/pool/base.py", line 691, in __connect
    pool.logger.debug("Error on connect(): %s", e)
  File "/home/airflow/.local/lib/python3.8/site-packages/sqlalchemy/util/langhelpers.py", line 70, in __exit__
    compat.raise_(
  File "/home/airflow/.local/lib/python3.8/site-packages/sqlalchemy/util/compat.py", line 211, in raise_
    raise exception
  File "/home/airflow/.local/lib/python3.8/site-packages/sqlalchemy/pool/base.py", line 686, in __connect
    self.dbapi_connection = connection = pool._invoke_creator(self)
  File "/home/airflow/.local/lib/python3.8/site-packages/sqlalchemy/engine/create.py", line 574, in connect
    return dialect.connect(*cargs, **cparams)
  File "/home/airflow/.local/lib/python3.8/site-packages/sqlalchemy/engine/default.py", line 598, in connect
    return self.dbapi.connect(*cargs, **cparams)
  File "/home/airflow/.local/lib/python3.8/site-packages/psycopg2/__init__.py", line 122, in connect
    conn = _connect(dsn, connection_factory=connection_factory, **kwasync)
sqlalchemy.exc.OperationalError: (psycopg2.OperationalError) could not translate host name "postgres-airflow" to address: Temporary failure in name resolution

(Background on this error at: https://sqlalche.me/e/14/e3q8)
[2026-01-27T21:13:59.455+0000] {processor.py:161} INFO - Started process (PID=315) to work on /opt/airflow/dags/spark_bronze_to_silver_dag.py
[2026-01-27T21:14:01.787+0000] {processor.py:830} INFO - Processing file /opt/airflow/dags/spark_bronze_to_silver_dag.py for tasks to queue
[2026-01-27T21:14:04.063+0000] {logging_mixin.py:188} INFO - [2026-01-27T21:14:03.638+0000] {dagbag.py:538} INFO - Filling up the DagBag from /opt/airflow/dags/spark_bronze_to_silver_dag.py
[2026-01-27T21:15:58.319+0000] {processor.py:840} INFO - DAG(s) 'spark_bronze_to_silver_simple' retrieved from /opt/airflow/dags/spark_bronze_to_silver_dag.py
[2026-01-27T21:23:51.348+0000] {processor.py:161} INFO - Started process (PID=36) to work on /opt/airflow/dags/spark_bronze_to_silver_dag.py
[2026-01-27T21:23:51.352+0000] {processor.py:830} INFO - Processing file /opt/airflow/dags/spark_bronze_to_silver_dag.py for tasks to queue
[2026-01-27T21:23:51.367+0000] {logging_mixin.py:188} INFO - [2026-01-27T21:23:51.366+0000] {dagbag.py:538} INFO - Filling up the DagBag from /opt/airflow/dags/spark_bronze_to_silver_dag.py
[2026-01-27T21:23:51.470+0000] {processor.py:840} INFO - DAG(s) 'spark_bronze_to_silver_simple' retrieved from /opt/airflow/dags/spark_bronze_to_silver_dag.py
[2026-01-27T21:23:51.580+0000] {logging_mixin.py:188} INFO - [2026-01-27T21:23:51.579+0000] {dag.py:3036} INFO - Sync 1 DAGs
[2026-01-27T21:23:51.674+0000] {logging_mixin.py:188} INFO - [2026-01-27T21:23:51.673+0000] {dag.py:3823} INFO - Setting next_dagrun for spark_bronze_to_silver_simple to 2026-01-27 21:00:00+00:00, run_after=2026-01-27 22:00:00+00:00
[2026-01-27T21:23:51.753+0000] {processor.py:183} INFO - Processing /opt/airflow/dags/spark_bronze_to_silver_dag.py took 0.419 seconds
[2026-01-27T21:24:01.618+0000] {processor.py:161} INFO - Started process (PID=37) to work on /opt/airflow/dags/spark_bronze_to_silver_dag.py
[2026-01-27T21:24:01.625+0000] {processor.py:830} INFO - Processing file /opt/airflow/dags/spark_bronze_to_silver_dag.py for tasks to queue
[2026-01-27T21:24:01.632+0000] {logging_mixin.py:188} INFO - [2026-01-27T21:24:01.631+0000] {dagbag.py:538} INFO - Filling up the DagBag from /opt/airflow/dags/spark_bronze_to_silver_dag.py
[2026-01-27T21:24:01.798+0000] {processor.py:840} INFO - DAG(s) 'spark_bronze_to_silver_simple' retrieved from /opt/airflow/dags/spark_bronze_to_silver_dag.py
[2026-01-27T21:24:01.924+0000] {logging_mixin.py:188} INFO - [2026-01-27T21:24:01.924+0000] {taskinstance.py:2700} ERROR - {'DAG Id': 'spark_bronze_to_silver_simple', 'Task Id': 'transform_bronze_to_silver', 'Run Id': 'manual__2026-01-27T21:08:48+00:00', 'Hostname': 'ae163fdefc31', 'External Executor Id': 'bb4c082c-a0d3-4acb-adb8-f4a6614fea9c'}
[2026-01-27T21:24:01.991+0000] {logging_mixin.py:188} INFO - [2026-01-27T21:24:01.990+0000] {taskinstance.py:1138} INFO - Marking task as UP_FOR_RETRY. dag_id=spark_bronze_to_silver_simple, task_id=transform_bronze_to_silver, execution_date=20260127T210848, start_date=20260127T211211, end_date=20260127T212401
[2026-01-27T21:24:02.035+0000] {processor.py:791} INFO - Executed failure callback for <TaskInstance: spark_bronze_to_silver_simple.transform_bronze_to_silver manual__2026-01-27T21:08:48+00:00 [up_for_retry]> in state up_for_retry
[2026-01-27T21:24:02.045+0000] {logging_mixin.py:188} INFO - [2026-01-27T21:24:02.045+0000] {dag.py:3036} INFO - Sync 1 DAGs
[2026-01-27T21:24:02.093+0000] {logging_mixin.py:188} INFO - [2026-01-27T21:24:02.092+0000] {dag.py:3823} INFO - Setting next_dagrun for spark_bronze_to_silver_simple to 2026-01-27 21:00:00+00:00, run_after=2026-01-27 22:00:00+00:00
[2026-01-27T21:24:02.136+0000] {processor.py:183} INFO - Processing /opt/airflow/dags/spark_bronze_to_silver_dag.py took 0.522 seconds
[2026-01-27T21:24:12.508+0000] {processor.py:161} INFO - Started process (PID=38) to work on /opt/airflow/dags/spark_bronze_to_silver_dag.py
[2026-01-27T21:24:12.519+0000] {processor.py:830} INFO - Processing file /opt/airflow/dags/spark_bronze_to_silver_dag.py for tasks to queue
[2026-01-27T21:24:12.530+0000] {logging_mixin.py:188} INFO - [2026-01-27T21:24:12.525+0000] {dagbag.py:538} INFO - Filling up the DagBag from /opt/airflow/dags/spark_bronze_to_silver_dag.py
[2026-01-27T21:24:12.665+0000] {processor.py:840} INFO - DAG(s) 'spark_bronze_to_silver_simple' retrieved from /opt/airflow/dags/spark_bronze_to_silver_dag.py
[2026-01-27T21:24:12.730+0000] {logging_mixin.py:188} INFO - [2026-01-27T21:24:12.730+0000] {taskinstance.py:2700} ERROR - {'DAG Id': 'spark_bronze_to_silver_simple', 'Task Id': 'transform_bronze_to_silver', 'Run Id': 'manual__2026-01-27T21:12:15+00:00', 'Hostname': 'ae163fdefc31', 'External Executor Id': 'ff1d4bf4-f7d8-4114-9c3c-abb83747cf9d'}
[2026-01-27T21:24:12.779+0000] {logging_mixin.py:188} INFO - [2026-01-27T21:24:12.779+0000] {taskinstance.py:1138} INFO - Marking task as UP_FOR_RETRY. dag_id=spark_bronze_to_silver_simple, task_id=transform_bronze_to_silver, execution_date=20260127T211215, start_date=20260127T211217, end_date=20260127T212412
[2026-01-27T21:24:12.810+0000] {processor.py:791} INFO - Executed failure callback for <TaskInstance: spark_bronze_to_silver_simple.transform_bronze_to_silver manual__2026-01-27T21:12:15+00:00 [up_for_retry]> in state up_for_retry
[2026-01-27T21:24:12.819+0000] {logging_mixin.py:188} INFO - [2026-01-27T21:24:12.818+0000] {taskinstance.py:2700} ERROR - {'DAG Id': 'spark_bronze_to_silver_simple', 'Task Id': 'transform_bronze_to_silver', 'Run Id': 'manual__2026-01-27T21:12:15+00:00', 'Hostname': 'ae163fdefc31', 'External Executor Id': 'ff1d4bf4-f7d8-4114-9c3c-abb83747cf9d'}
[2026-01-27T21:24:12.826+0000] {logging_mixin.py:188} INFO - [2026-01-27T21:24:12.825+0000] {taskinstance.py:1138} INFO - Marking task as UP_FOR_RETRY. dag_id=spark_bronze_to_silver_simple, task_id=transform_bronze_to_silver, execution_date=20260127T211215, start_date=20260127T211217, end_date=20260127T212412
[2026-01-27T21:24:12.834+0000] {processor.py:791} INFO - Executed failure callback for <TaskInstance: spark_bronze_to_silver_simple.transform_bronze_to_silver manual__2026-01-27T21:12:15+00:00 [up_for_retry]> in state up_for_retry
[2026-01-27T21:24:13.442+0000] {logging_mixin.py:188} INFO - [2026-01-27T21:24:13.442+0000] {dag.py:3036} INFO - Sync 1 DAGs
[2026-01-27T21:24:13.475+0000] {logging_mixin.py:188} INFO - [2026-01-27T21:24:13.475+0000] {dag.py:3823} INFO - Setting next_dagrun for spark_bronze_to_silver_simple to 2026-01-27 21:00:00+00:00, run_after=2026-01-27 22:00:00+00:00
[2026-01-27T21:24:13.500+0000] {processor.py:183} INFO - Processing /opt/airflow/dags/spark_bronze_to_silver_dag.py took 1.009 seconds
[2026-01-27T21:24:43.827+0000] {processor.py:161} INFO - Started process (PID=46) to work on /opt/airflow/dags/spark_bronze_to_silver_dag.py
[2026-01-27T21:24:43.829+0000] {processor.py:830} INFO - Processing file /opt/airflow/dags/spark_bronze_to_silver_dag.py for tasks to queue
[2026-01-27T21:24:43.833+0000] {logging_mixin.py:188} INFO - [2026-01-27T21:24:43.833+0000] {dagbag.py:538} INFO - Filling up the DagBag from /opt/airflow/dags/spark_bronze_to_silver_dag.py
[2026-01-27T21:24:43.900+0000] {processor.py:840} INFO - DAG(s) 'spark_bronze_to_silver_simple' retrieved from /opt/airflow/dags/spark_bronze_to_silver_dag.py
[2026-01-27T21:24:43.982+0000] {logging_mixin.py:188} INFO - [2026-01-27T21:24:43.982+0000] {dag.py:3036} INFO - Sync 1 DAGs
[2026-01-27T21:24:44.058+0000] {logging_mixin.py:188} INFO - [2026-01-27T21:24:44.058+0000] {dag.py:3823} INFO - Setting next_dagrun for spark_bronze_to_silver_simple to 2026-01-27 21:00:00+00:00, run_after=2026-01-27 22:00:00+00:00
[2026-01-27T21:24:44.103+0000] {processor.py:183} INFO - Processing /opt/airflow/dags/spark_bronze_to_silver_dag.py took 0.281 seconds
[2026-01-27T21:25:34.750+0000] {processor.py:161} INFO - Started process (PID=54) to work on /opt/airflow/dags/spark_bronze_to_silver_dag.py
[2026-01-27T21:25:36.299+0000] {processor.py:830} INFO - Processing file /opt/airflow/dags/spark_bronze_to_silver_dag.py for tasks to queue
[2026-01-27T21:25:39.252+0000] {logging_mixin.py:188} INFO - [2026-01-27T21:25:37.312+0000] {dagbag.py:538} INFO - Filling up the DagBag from /opt/airflow/dags/spark_bronze_to_silver_dag.py
[2026-01-27T21:26:15.283+0000] {processor.py:840} INFO - DAG(s) 'spark_bronze_to_silver_simple' retrieved from /opt/airflow/dags/spark_bronze_to_silver_dag.py
[2026-01-27T21:29:09.770+0000] {processor.py:161} INFO - Started process (PID=30) to work on /opt/airflow/dags/spark_bronze_to_silver_dag.py
[2026-01-27T21:29:09.771+0000] {processor.py:830} INFO - Processing file /opt/airflow/dags/spark_bronze_to_silver_dag.py for tasks to queue
[2026-01-27T21:29:09.773+0000] {logging_mixin.py:188} INFO - [2026-01-27T21:29:09.773+0000] {dagbag.py:538} INFO - Filling up the DagBag from /opt/airflow/dags/spark_bronze_to_silver_dag.py
[2026-01-27T21:29:09.830+0000] {processor.py:840} INFO - DAG(s) 'spark_bronze_to_silver_simple' retrieved from /opt/airflow/dags/spark_bronze_to_silver_dag.py
[2026-01-27T21:29:09.850+0000] {logging_mixin.py:188} INFO - [2026-01-27T21:29:09.849+0000] {dag.py:3036} INFO - Sync 1 DAGs
[2026-01-27T21:29:09.869+0000] {logging_mixin.py:188} INFO - [2026-01-27T21:29:09.869+0000] {dag.py:3823} INFO - Setting next_dagrun for spark_bronze_to_silver_simple to 2026-01-27 21:00:00+00:00, run_after=2026-01-27 22:00:00+00:00
[2026-01-27T21:29:09.892+0000] {processor.py:183} INFO - Processing /opt/airflow/dags/spark_bronze_to_silver_dag.py took 0.124 seconds
[2026-01-27T21:29:40.801+0000] {processor.py:161} INFO - Started process (PID=38) to work on /opt/airflow/dags/spark_bronze_to_silver_dag.py
[2026-01-27T21:29:40.802+0000] {processor.py:830} INFO - Processing file /opt/airflow/dags/spark_bronze_to_silver_dag.py for tasks to queue
[2026-01-27T21:29:40.809+0000] {logging_mixin.py:188} INFO - [2026-01-27T21:29:40.807+0000] {dagbag.py:538} INFO - Filling up the DagBag from /opt/airflow/dags/spark_bronze_to_silver_dag.py
[2026-01-27T21:29:40.888+0000] {processor.py:840} INFO - DAG(s) 'spark_bronze_to_silver_simple' retrieved from /opt/airflow/dags/spark_bronze_to_silver_dag.py
[2026-01-27T21:29:41.337+0000] {logging_mixin.py:188} INFO - [2026-01-27T21:29:41.337+0000] {dag.py:3036} INFO - Sync 1 DAGs
[2026-01-27T21:29:41.391+0000] {logging_mixin.py:188} INFO - [2026-01-27T21:29:41.390+0000] {dag.py:3823} INFO - Setting next_dagrun for spark_bronze_to_silver_simple to 2026-01-27 21:00:00+00:00, run_after=2026-01-27 22:00:00+00:00
[2026-01-27T21:29:41.425+0000] {processor.py:183} INFO - Processing /opt/airflow/dags/spark_bronze_to_silver_dag.py took 0.636 seconds
[2026-01-27T21:30:16.955+0000] {processor.py:161} INFO - Started process (PID=46) to work on /opt/airflow/dags/spark_bronze_to_silver_dag.py
[2026-01-27T21:30:18.564+0000] {processor.py:830} INFO - Processing file /opt/airflow/dags/spark_bronze_to_silver_dag.py for tasks to queue
[2026-01-27T21:30:21.964+0000] {logging_mixin.py:188} INFO - [2026-01-27T21:30:20.920+0000] {dagbag.py:538} INFO - Filling up the DagBag from /opt/airflow/dags/spark_bronze_to_silver_dag.py
[2026-01-27T21:31:11.208+0000] {logging_mixin.py:188} INFO - [2026-01-27T21:31:02.484+0000] {timeout.py:68} ERROR - Process timed out, PID: 46
[2026-01-27T21:34:23.027+0000] {processor.py:161} INFO - Started process (PID=47) to work on /opt/airflow/dags/spark_bronze_to_silver_dag.py
[2026-01-27T21:34:27.961+0000] {processor.py:830} INFO - Processing file /opt/airflow/dags/spark_bronze_to_silver_dag.py for tasks to queue
