[2026-01-26T21:26:49.797+0000] {taskinstance.py:1956} INFO - Dependencies all met for dep_context=non-requeueable deps ti=<TaskInstance: spark_bronze_to_silver_simple.transform_bronze_to_silver manual__2026-01-26T21:26:48.076524+00:00 [queued]>
[2026-01-26T21:26:49.809+0000] {taskinstance.py:1956} INFO - Dependencies all met for dep_context=requeueable deps ti=<TaskInstance: spark_bronze_to_silver_simple.transform_bronze_to_silver manual__2026-01-26T21:26:48.076524+00:00 [queued]>
[2026-01-26T21:26:49.810+0000] {taskinstance.py:2170} INFO - Starting attempt 1 of 3
[2026-01-26T21:26:49.826+0000] {taskinstance.py:2191} INFO - Executing <Task(BashOperator): transform_bronze_to_silver> on 2026-01-26 21:26:48.076524+00:00
[2026-01-26T21:26:49.833+0000] {standard_task_runner.py:60} INFO - Started process 164 to run task
[2026-01-26T21:26:49.837+0000] {standard_task_runner.py:87} INFO - Running: ['***', 'tasks', 'run', 'spark_bronze_to_silver_simple', 'transform_bronze_to_silver', 'manual__2026-01-26T21:26:48.076524+00:00', '--job-id', '14', '--raw', '--subdir', 'DAGS_FOLDER/spark_bronze_to_silver_dag.py', '--cfg-path', '/tmp/tmpwjcbhqsc']
[2026-01-26T21:26:49.838+0000] {standard_task_runner.py:88} INFO - Job 14: Subtask transform_bronze_to_silver
[2026-01-26T21:26:49.928+0000] {task_command.py:423} INFO - Running <TaskInstance: spark_bronze_to_silver_simple.transform_bronze_to_silver manual__2026-01-26T21:26:48.076524+00:00 [running]> on host d61192dec52a
[2026-01-26T21:26:50.056+0000] {taskinstance.py:2480} INFO - Exporting env vars: AIRFLOW_CTX_DAG_OWNER='data-engineering' AIRFLOW_CTX_DAG_ID='spark_bronze_to_silver_simple' AIRFLOW_CTX_TASK_ID='transform_bronze_to_silver' AIRFLOW_CTX_EXECUTION_DATE='2026-01-26T21:26:48.076524+00:00' AIRFLOW_CTX_TRY_NUMBER='1' AIRFLOW_CTX_DAG_RUN_ID='manual__2026-01-26T21:26:48.076524+00:00'
[2026-01-26T21:26:50.059+0000] {subprocess.py:63} INFO - Tmp dir root location: /tmp
[2026-01-26T21:26:50.061+0000] {subprocess.py:75} INFO - Running command: ['/usr/bin/bash', '-c', 'spark-submit --master spark://spark-master:7077 --packages org.apache.iceberg:iceberg-spark-runtime-3.4_2.12:1.5.0,org.apache.hadoop:hadoop-aws:3.3.4,com.amazonaws:aws-java-sdk-bundle:1.12.262 --conf spark.hadoop.fs.s3a.endpoint=https://expert-pancake-jv9wx6vww5w25gj4-4566.app.github.dev/ --conf spark.hadoop.fs.s3a.access.key=test --conf spark.hadoop.fs.s3a.secret.key=test --conf spark.hadoop.fs.s3a.path.style.access=true --conf spark.hadoop.fs.s3a.impl=org.apache.hadoop.fs.s3a.S3AFileSystem --conf spark.hadoop.fs.s3a.connection.ssl.enabled=true /opt/***/spark-shared/from_bronze_to_silver.py']
[2026-01-26T21:26:50.077+0000] {subprocess.py:86} INFO - Output:
[2026-01-26T21:26:50.081+0000] {subprocess.py:93} INFO - /usr/bin/bash: line 1: spark-submit: command not found
[2026-01-26T21:26:50.082+0000] {subprocess.py:97} INFO - Command exited with return code 127
[2026-01-26T21:26:50.100+0000] {taskinstance.py:2698} ERROR - Task failed with exception
Traceback (most recent call last):
  File "/home/airflow/.local/lib/python3.8/site-packages/airflow/models/taskinstance.py", line 433, in _execute_task
    result = execute_callable(context=context, **execute_callable_kwargs)
  File "/home/airflow/.local/lib/python3.8/site-packages/airflow/operators/bash.py", line 212, in execute
    raise AirflowException(
airflow.exceptions.AirflowException: Bash command failed. The command returned a non-zero exit code 127.
[2026-01-26T21:26:50.106+0000] {taskinstance.py:1138} INFO - Marking task as UP_FOR_RETRY. dag_id=spark_bronze_to_silver_simple, task_id=transform_bronze_to_silver, execution_date=20260126T212648, start_date=20260126T212649, end_date=20260126T212650
[2026-01-26T21:26:50.124+0000] {standard_task_runner.py:107} ERROR - Failed to execute job 14 for task transform_bronze_to_silver (Bash command failed. The command returned a non-zero exit code 127.; 164)
[2026-01-26T21:26:50.169+0000] {local_task_job_runner.py:234} INFO - Task exited with return code 1
[2026-01-26T21:26:50.203+0000] {taskinstance.py:3280} INFO - 0 downstream tasks scheduled from follow-on schedule check
